CRITICAL - 2023-03-05 13:24:10 --> syntax error, unexpected token "}"
in APPPATH\Views\pages\Rmpage_view.php on line 501.
 1 SYSTEMPATH\View\View.php(216): CodeIgniter\View\View->CodeIgniter\View\{closure}()
 2 SYSTEMPATH\Common.php(1177): CodeIgniter\View\View->render('pages/rmpage_view', [], true)
 3 APPPATH\Controllers\Rmhome.php(9): view('pages/rmpage_view')
 4 SYSTEMPATH\CodeIgniter.php(934): App\Controllers\Rmhome->index()
 5 SYSTEMPATH\CodeIgniter.php(499): CodeIgniter\CodeIgniter->runController(Object(App\Controllers\Rmhome))
 6 SYSTEMPATH\CodeIgniter.php(368): CodeIgniter\CodeIgniter->handleRequest(null, Object(Config\Cache), false)
 7 FCPATH\index.php(67): CodeIgniter\CodeIgniter->run()
CRITICAL - 2023-03-05 13:41:16 --> syntax error, unexpected token ","
in APPPATH\Views\pages\Rmpage_view.php on line 584.
 1 SYSTEMPATH\View\View.php(216): CodeIgniter\View\View->CodeIgniter\View\{closure}()
 2 SYSTEMPATH\Common.php(1177): CodeIgniter\View\View->render('pages/rmpage_view', [], true)
 3 APPPATH\Controllers\Rmhome.php(9): view('pages/rmpage_view')
 4 SYSTEMPATH\CodeIgniter.php(934): App\Controllers\Rmhome->index()
 5 SYSTEMPATH\CodeIgniter.php(499): CodeIgniter\CodeIgniter->runController(Object(App\Controllers\Rmhome))
 6 SYSTEMPATH\CodeIgniter.php(368): CodeIgniter\CodeIgniter->handleRequest(null, Object(Config\Cache), false)
 7 FCPATH\index.php(67): CodeIgniter\CodeIgniter->run()
CRITICAL - 2023-03-05 13:41:38 --> Unclosed '{' on line 586
in APPPATH\Views\pages\Rmpage_view.php on line 689.
 1 SYSTEMPATH\View\View.php(216): CodeIgniter\View\View->CodeIgniter\View\{closure}()
 2 SYSTEMPATH\Common.php(1177): CodeIgniter\View\View->render('pages/rmpage_view', [], true)
 3 APPPATH\Controllers\Rmhome.php(9): view('pages/rmpage_view')
 4 SYSTEMPATH\CodeIgniter.php(934): App\Controllers\Rmhome->index()
 5 SYSTEMPATH\CodeIgniter.php(499): CodeIgniter\CodeIgniter->runController(Object(App\Controllers\Rmhome))
 6 SYSTEMPATH\CodeIgniter.php(368): CodeIgniter\CodeIgniter->handleRequest(null, Object(Config\Cache), false)
 7 FCPATH\index.php(67): CodeIgniter\CodeIgniter->run()
CRITICAL - 2023-03-05 13:50:34 --> Undefined array key "username"
in APPPATH\Views\pages\Rmpage_view.php on line 73.
 1 APPPATH\Views\pages\Rmpage_view.php(73): CodeIgniter\Debug\Exceptions->errorHandler(2, 'Undefined array key "username"', 'APPPATH\\Views\\pages\\Rmpage_view.php', 73)
 2 SYSTEMPATH\View\View.php(213): include('APPPATH\\Views\\pages\\Rmpage_view.php')
 3 SYSTEMPATH\View\View.php(216): CodeIgniter\View\View->CodeIgniter\View\{closure}()
 4 SYSTEMPATH\Common.php(1177): CodeIgniter\View\View->render('pages/rmpage_view', [], true)
 5 APPPATH\Controllers\Rmhome.php(9): view('pages/rmpage_view')
 6 SYSTEMPATH\CodeIgniter.php(934): App\Controllers\Rmhome->index()
 7 SYSTEMPATH\CodeIgniter.php(499): CodeIgniter\CodeIgniter->runController(Object(App\Controllers\Rmhome))
 8 SYSTEMPATH\CodeIgniter.php(368): CodeIgniter\CodeIgniter->handleRequest(null, Object(Config\Cache), false)
 9 FCPATH\index.php(67): CodeIgniter\CodeIgniter->run()
