CRITICAL - 2023-02-15 13:15:57 --> Undefined array key "username"
in APPPATH\Views\pages\Rmpage_view.php on line 66.
 1 APPPATH\Views\pages\Rmpage_view.php(66): CodeIgniter\Debug\Exceptions->errorHandler(2, 'Undefined array key "username"', 'APPPATH\\Views\\pages\\Rmpage_view.php', 66)
 2 SYSTEMPATH\View\View.php(213): include('APPPATH\\Views\\pages\\Rmpage_view.php')
 3 SYSTEMPATH\View\View.php(216): CodeIgniter\View\View->CodeIgniter\View\{closure}()
 4 SYSTEMPATH\Common.php(1177): CodeIgniter\View\View->render('pages/rmpage_view', [], true)
 5 APPPATH\Controllers\Rmhome.php(9): view('pages/rmpage_view')
 6 SYSTEMPATH\CodeIgniter.php(934): App\Controllers\Rmhome->index()
 7 SYSTEMPATH\CodeIgniter.php(499): CodeIgniter\CodeIgniter->runController(Object(App\Controllers\Rmhome))
 8 SYSTEMPATH\CodeIgniter.php(368): CodeIgniter\CodeIgniter->handleRequest(null, Object(Config\Cache), false)
 9 FCPATH\index.php(67): CodeIgniter\CodeIgniter->run()
CRITICAL - 2023-02-15 13:16:48 --> Undefined array key "username"
in APPPATH\Views\pages\Rmpage_view.php on line 66.
 1 APPPATH\Views\pages\Rmpage_view.php(66): CodeIgniter\Debug\Exceptions->errorHandler(2, 'Undefined array key "username"', 'APPPATH\\Views\\pages\\Rmpage_view.php', 66)
 2 SYSTEMPATH\View\View.php(213): include('APPPATH\\Views\\pages\\Rmpage_view.php')
 3 SYSTEMPATH\View\View.php(216): CodeIgniter\View\View->CodeIgniter\View\{closure}()
 4 SYSTEMPATH\Common.php(1177): CodeIgniter\View\View->render('pages/rmpage_view', [], true)
 5 APPPATH\Controllers\Rmhome.php(9): view('pages/rmpage_view')
 6 SYSTEMPATH\CodeIgniter.php(934): App\Controllers\Rmhome->index()
 7 SYSTEMPATH\CodeIgniter.php(499): CodeIgniter\CodeIgniter->runController(Object(App\Controllers\Rmhome))
 8 SYSTEMPATH\CodeIgniter.php(368): CodeIgniter\CodeIgniter->handleRequest(null, Object(Config\Cache), false)
 9 FCPATH\index.php(67): CodeIgniter\CodeIgniter->run()
