ERROR - 2023-03-06 12:26:26 --> mysqli_sql_exception: You have an error in your SQL syntax; check the manual that corresponds to your MariaDB server version for the right syntax to use near 'investmentname = '123'  OR  risklevel = '123'' at line 1 in C:\xampp-8\htdocs\ARU_AWS_Team5\system\Database\MySQLi\Connection.php:295
Stack trace:
#0 C:\xampp-8\htdocs\ARU_AWS_Team5\system\Database\MySQLi\Connection.php(295): mysqli->query(' SELECT investm...', 0)
#1 C:\xampp-8\htdocs\ARU_AWS_Team5\system\Database\BaseConnection.php(691): CodeIgniter\Database\MySQLi\Connection->execute(' SELECT investm...')
#2 C:\xampp-8\htdocs\ARU_AWS_Team5\system\Database\BaseConnection.php(605): CodeIgniter\Database\BaseConnection->simpleQuery(' SELECT investm...')
#3 C:\xampp-8\htdocs\ARU_AWS_Team5\app\Views\pages\Search_view.php(73): CodeIgniter\Database\BaseConnection->query(' SELECT investm...')
#4 C:\xampp-8\htdocs\ARU_AWS_Team5\system\View\View.php(213): include('C:\\xampp-8\\htdo...')
#5 C:\xampp-8\htdocs\ARU_AWS_Team5\system\View\View.php(216): CodeIgniter\View\View->CodeIgniter\View\{closure}()
#6 C:\xampp-8\htdocs\ARU_AWS_Team5\system\Common.php(1177): CodeIgniter\View\View->render('pages/search_vi...', Array, true)
#7 C:\xampp-8\htdocs\ARU_AWS_Team5\app\Controllers\Search.php(9): view('pages/search_vi...')
#8 C:\xampp-8\htdocs\ARU_AWS_Team5\system\CodeIgniter.php(934): App\Controllers\Search->index()
#9 C:\xampp-8\htdocs\ARU_AWS_Team5\system\CodeIgniter.php(499): CodeIgniter\CodeIgniter->runController(Object(App\Controllers\Search))
#10 C:\xampp-8\htdocs\ARU_AWS_Team5\system\CodeIgniter.php(368): CodeIgniter\CodeIgniter->handleRequest(NULL, Object(Config\Cache), false)
#11 C:\xampp-8\htdocs\ARU_AWS_Team5\public\index.php(67): CodeIgniter\CodeIgniter->run()
#12 {main}
CRITICAL - 2023-03-06 12:26:26 --> You have an error in your SQL syntax; check the manual that corresponds to your MariaDB server version for the right syntax to use near 'investmentname = '123'  OR  risklevel = '123'' at line 1
in SYSTEMPATH\Database\BaseConnection.php on line 645.
 1 APPPATH\Views\pages\Search_view.php(73): CodeIgniter\Database\BaseConnection->query(' SELECT investmentid,investmentname,investmenttype,risklevel,price,postoption FROM investment_idea_table where   investmentid = \'123\'   investmentname = \'123\'  OR  risklevel = \'123\' ')
 2 SYSTEMPATH\View\View.php(213): include('APPPATH\\Views\\pages\\Search_view.php')
 3 SYSTEMPATH\View\View.php(216): CodeIgniter\View\View->CodeIgniter\View\{closure}()
 4 SYSTEMPATH\Common.php(1177): CodeIgniter\View\View->render('pages/search_view', [], true)
 5 APPPATH\Controllers\Search.php(9): view('pages/search_view')
 6 SYSTEMPATH\CodeIgniter.php(934): App\Controllers\Search->index()
 7 SYSTEMPATH\CodeIgniter.php(499): CodeIgniter\CodeIgniter->runController(Object(App\Controllers\Search))
 8 SYSTEMPATH\CodeIgniter.php(368): CodeIgniter\CodeIgniter->handleRequest(null, Object(Config\Cache), false)
 9 FCPATH\index.php(67): CodeIgniter\CodeIgniter->run()
ERROR - 2023-03-06 12:26:43 --> mysqli_sql_exception: You have an error in your SQL syntax; check the manual that corresponds to your MariaDB server version for the right syntax to use near 'investmentname = '123'  OR  risklevel = '123'' at line 1 in C:\xampp-8\htdocs\ARU_AWS_Team5\system\Database\MySQLi\Connection.php:295
Stack trace:
#0 C:\xampp-8\htdocs\ARU_AWS_Team5\system\Database\MySQLi\Connection.php(295): mysqli->query(' SELECT investm...', 0)
#1 C:\xampp-8\htdocs\ARU_AWS_Team5\system\Database\BaseConnection.php(691): CodeIgniter\Database\MySQLi\Connection->execute(' SELECT investm...')
#2 C:\xampp-8\htdocs\ARU_AWS_Team5\system\Database\BaseConnection.php(605): CodeIgniter\Database\BaseConnection->simpleQuery(' SELECT investm...')
#3 C:\xampp-8\htdocs\ARU_AWS_Team5\app\Views\pages\Search_view.php(73): CodeIgniter\Database\BaseConnection->query(' SELECT investm...')
#4 C:\xampp-8\htdocs\ARU_AWS_Team5\system\View\View.php(213): include('C:\\xampp-8\\htdo...')
#5 C:\xampp-8\htdocs\ARU_AWS_Team5\system\View\View.php(216): CodeIgniter\View\View->CodeIgniter\View\{closure}()
#6 C:\xampp-8\htdocs\ARU_AWS_Team5\system\Common.php(1177): CodeIgniter\View\View->render('pages/search_vi...', Array, true)
#7 C:\xampp-8\htdocs\ARU_AWS_Team5\app\Controllers\Search.php(9): view('pages/search_vi...')
#8 C:\xampp-8\htdocs\ARU_AWS_Team5\system\CodeIgniter.php(934): App\Controllers\Search->index()
#9 C:\xampp-8\htdocs\ARU_AWS_Team5\system\CodeIgniter.php(499): CodeIgniter\CodeIgniter->runController(Object(App\Controllers\Search))
#10 C:\xampp-8\htdocs\ARU_AWS_Team5\system\CodeIgniter.php(368): CodeIgniter\CodeIgniter->handleRequest(NULL, Object(Config\Cache), false)
#11 C:\xampp-8\htdocs\ARU_AWS_Team5\public\index.php(67): CodeIgniter\CodeIgniter->run()
#12 {main}
CRITICAL - 2023-03-06 12:26:43 --> You have an error in your SQL syntax; check the manual that corresponds to your MariaDB server version for the right syntax to use near 'investmentname = '123'  OR  risklevel = '123'' at line 1
in SYSTEMPATH\Database\BaseConnection.php on line 645.
 1 APPPATH\Views\pages\Search_view.php(73): CodeIgniter\Database\BaseConnection->query(' SELECT investmentid,investmentname,investmenttype,risklevel,price,postoption FROM investment_idea_table where   investmentid = \'123\'   investmentname = \'123\'  OR  risklevel = \'123\' ')
 2 SYSTEMPATH\View\View.php(213): include('APPPATH\\Views\\pages\\Search_view.php')
 3 SYSTEMPATH\View\View.php(216): CodeIgniter\View\View->CodeIgniter\View\{closure}()
 4 SYSTEMPATH\Common.php(1177): CodeIgniter\View\View->render('pages/search_view', [], true)
 5 APPPATH\Controllers\Search.php(9): view('pages/search_view')
 6 SYSTEMPATH\CodeIgniter.php(934): App\Controllers\Search->index()
 7 SYSTEMPATH\CodeIgniter.php(499): CodeIgniter\CodeIgniter->runController(Object(App\Controllers\Search))
 8 SYSTEMPATH\CodeIgniter.php(368): CodeIgniter\CodeIgniter->handleRequest(null, Object(Config\Cache), false)
 9 FCPATH\index.php(67): CodeIgniter\CodeIgniter->run()
ERROR - 2023-03-06 12:27:11 --> mysqli_sql_exception: You have an error in your SQL syntax; check the manual that corresponds to your MariaDB server version for the right syntax to use near 'investmentname = '123'  OR  risklevel = '123'' at line 1 in C:\xampp-8\htdocs\ARU_AWS_Team5\system\Database\MySQLi\Connection.php:295
Stack trace:
#0 C:\xampp-8\htdocs\ARU_AWS_Team5\system\Database\MySQLi\Connection.php(295): mysqli->query(' SELECT investm...', 0)
#1 C:\xampp-8\htdocs\ARU_AWS_Team5\system\Database\BaseConnection.php(691): CodeIgniter\Database\MySQLi\Connection->execute(' SELECT investm...')
#2 C:\xampp-8\htdocs\ARU_AWS_Team5\system\Database\BaseConnection.php(605): CodeIgniter\Database\BaseConnection->simpleQuery(' SELECT investm...')
#3 C:\xampp-8\htdocs\ARU_AWS_Team5\app\Views\pages\Search_view.php(73): CodeIgniter\Database\BaseConnection->query(' SELECT investm...')
#4 C:\xampp-8\htdocs\ARU_AWS_Team5\system\View\View.php(213): include('C:\\xampp-8\\htdo...')
#5 C:\xampp-8\htdocs\ARU_AWS_Team5\system\View\View.php(216): CodeIgniter\View\View->CodeIgniter\View\{closure}()
#6 C:\xampp-8\htdocs\ARU_AWS_Team5\system\Common.php(1177): CodeIgniter\View\View->render('pages/search_vi...', Array, true)
#7 C:\xampp-8\htdocs\ARU_AWS_Team5\app\Controllers\Search.php(9): view('pages/search_vi...')
#8 C:\xampp-8\htdocs\ARU_AWS_Team5\system\CodeIgniter.php(934): App\Controllers\Search->index()
#9 C:\xampp-8\htdocs\ARU_AWS_Team5\system\CodeIgniter.php(499): CodeIgniter\CodeIgniter->runController(Object(App\Controllers\Search))
#10 C:\xampp-8\htdocs\ARU_AWS_Team5\system\CodeIgniter.php(368): CodeIgniter\CodeIgniter->handleRequest(NULL, Object(Config\Cache), false)
#11 C:\xampp-8\htdocs\ARU_AWS_Team5\public\index.php(67): CodeIgniter\CodeIgniter->run()
#12 {main}
CRITICAL - 2023-03-06 12:27:11 --> You have an error in your SQL syntax; check the manual that corresponds to your MariaDB server version for the right syntax to use near 'investmentname = '123'  OR  risklevel = '123'' at line 1
in SYSTEMPATH\Database\BaseConnection.php on line 645.
 1 APPPATH\Views\pages\Search_view.php(73): CodeIgniter\Database\BaseConnection->query(' SELECT investmentid,investmentname,investmenttype,risklevel,price,postoption FROM investment_idea_table where   investmentid = \'123\'   investmentname = \'123\'  OR  risklevel = \'123\' ')
 2 SYSTEMPATH\View\View.php(213): include('APPPATH\\Views\\pages\\Search_view.php')
 3 SYSTEMPATH\View\View.php(216): CodeIgniter\View\View->CodeIgniter\View\{closure}()
 4 SYSTEMPATH\Common.php(1177): CodeIgniter\View\View->render('pages/search_view', [], true)
 5 APPPATH\Controllers\Search.php(9): view('pages/search_view')
 6 SYSTEMPATH\CodeIgniter.php(934): App\Controllers\Search->index()
 7 SYSTEMPATH\CodeIgniter.php(499): CodeIgniter\CodeIgniter->runController(Object(App\Controllers\Search))
 8 SYSTEMPATH\CodeIgniter.php(368): CodeIgniter\CodeIgniter->handleRequest(null, Object(Config\Cache), false)
 9 FCPATH\index.php(67): CodeIgniter\CodeIgniter->run()
ERROR - 2023-03-06 12:27:14 --> mysqli_sql_exception: You have an error in your SQL syntax; check the manual that corresponds to your MariaDB server version for the right syntax to use near 'investmentname = '123'  OR  risklevel = '123'' at line 1 in C:\xampp-8\htdocs\ARU_AWS_Team5\system\Database\MySQLi\Connection.php:295
Stack trace:
#0 C:\xampp-8\htdocs\ARU_AWS_Team5\system\Database\MySQLi\Connection.php(295): mysqli->query(' SELECT investm...', 0)
#1 C:\xampp-8\htdocs\ARU_AWS_Team5\system\Database\BaseConnection.php(691): CodeIgniter\Database\MySQLi\Connection->execute(' SELECT investm...')
#2 C:\xampp-8\htdocs\ARU_AWS_Team5\system\Database\BaseConnection.php(605): CodeIgniter\Database\BaseConnection->simpleQuery(' SELECT investm...')
#3 C:\xampp-8\htdocs\ARU_AWS_Team5\app\Views\pages\Search_view.php(73): CodeIgniter\Database\BaseConnection->query(' SELECT investm...')
#4 C:\xampp-8\htdocs\ARU_AWS_Team5\system\View\View.php(213): include('C:\\xampp-8\\htdo...')
#5 C:\xampp-8\htdocs\ARU_AWS_Team5\system\View\View.php(216): CodeIgniter\View\View->CodeIgniter\View\{closure}()
#6 C:\xampp-8\htdocs\ARU_AWS_Team5\system\Common.php(1177): CodeIgniter\View\View->render('pages/search_vi...', Array, true)
#7 C:\xampp-8\htdocs\ARU_AWS_Team5\app\Controllers\Search.php(9): view('pages/search_vi...')
#8 C:\xampp-8\htdocs\ARU_AWS_Team5\system\CodeIgniter.php(934): App\Controllers\Search->index()
#9 C:\xampp-8\htdocs\ARU_AWS_Team5\system\CodeIgniter.php(499): CodeIgniter\CodeIgniter->runController(Object(App\Controllers\Search))
#10 C:\xampp-8\htdocs\ARU_AWS_Team5\system\CodeIgniter.php(368): CodeIgniter\CodeIgniter->handleRequest(NULL, Object(Config\Cache), false)
#11 C:\xampp-8\htdocs\ARU_AWS_Team5\public\index.php(67): CodeIgniter\CodeIgniter->run()
#12 {main}
CRITICAL - 2023-03-06 12:27:14 --> You have an error in your SQL syntax; check the manual that corresponds to your MariaDB server version for the right syntax to use near 'investmentname = '123'  OR  risklevel = '123'' at line 1
in SYSTEMPATH\Database\BaseConnection.php on line 645.
 1 APPPATH\Views\pages\Search_view.php(73): CodeIgniter\Database\BaseConnection->query(' SELECT investmentid,investmentname,investmenttype,risklevel,price,postoption FROM investment_idea_table where   investmentid = \'123\'   investmentname = \'123\'  OR  risklevel = \'123\' ')
 2 SYSTEMPATH\View\View.php(213): include('APPPATH\\Views\\pages\\Search_view.php')
 3 SYSTEMPATH\View\View.php(216): CodeIgniter\View\View->CodeIgniter\View\{closure}()
 4 SYSTEMPATH\Common.php(1177): CodeIgniter\View\View->render('pages/search_view', [], true)
 5 APPPATH\Controllers\Search.php(9): view('pages/search_view')
 6 SYSTEMPATH\CodeIgniter.php(934): App\Controllers\Search->index()
 7 SYSTEMPATH\CodeIgniter.php(499): CodeIgniter\CodeIgniter->runController(Object(App\Controllers\Search))
 8 SYSTEMPATH\CodeIgniter.php(368): CodeIgniter\CodeIgniter->handleRequest(null, Object(Config\Cache), false)
 9 FCPATH\index.php(67): CodeIgniter\CodeIgniter->run()
ERROR - 2023-03-06 12:29:45 --> mysqli_sql_exception: You have an error in your SQL syntax; check the manual that corresponds to your MariaDB server version for the right syntax to use near 'investmentname = '123'' at line 1 in C:\xampp-8\htdocs\ARU_AWS_Team5\system\Database\MySQLi\Connection.php:295
Stack trace:
#0 C:\xampp-8\htdocs\ARU_AWS_Team5\system\Database\MySQLi\Connection.php(295): mysqli->query(' SELECT investm...', 0)
#1 C:\xampp-8\htdocs\ARU_AWS_Team5\system\Database\BaseConnection.php(691): CodeIgniter\Database\MySQLi\Connection->execute(' SELECT investm...')
#2 C:\xampp-8\htdocs\ARU_AWS_Team5\system\Database\BaseConnection.php(605): CodeIgniter\Database\BaseConnection->simpleQuery(' SELECT investm...')
#3 C:\xampp-8\htdocs\ARU_AWS_Team5\app\Views\pages\Search_view.php(73): CodeIgniter\Database\BaseConnection->query(' SELECT investm...')
#4 C:\xampp-8\htdocs\ARU_AWS_Team5\system\View\View.php(213): include('C:\\xampp-8\\htdo...')
#5 C:\xampp-8\htdocs\ARU_AWS_Team5\system\View\View.php(216): CodeIgniter\View\View->CodeIgniter\View\{closure}()
#6 C:\xampp-8\htdocs\ARU_AWS_Team5\system\Common.php(1177): CodeIgniter\View\View->render('pages/search_vi...', Array, true)
#7 C:\xampp-8\htdocs\ARU_AWS_Team5\app\Controllers\Search.php(9): view('pages/search_vi...')
#8 C:\xampp-8\htdocs\ARU_AWS_Team5\system\CodeIgniter.php(934): App\Controllers\Search->index()
#9 C:\xampp-8\htdocs\ARU_AWS_Team5\system\CodeIgniter.php(499): CodeIgniter\CodeIgniter->runController(Object(App\Controllers\Search))
#10 C:\xampp-8\htdocs\ARU_AWS_Team5\system\CodeIgniter.php(368): CodeIgniter\CodeIgniter->handleRequest(NULL, Object(Config\Cache), false)
#11 C:\xampp-8\htdocs\ARU_AWS_Team5\public\index.php(67): CodeIgniter\CodeIgniter->run()
#12 {main}
CRITICAL - 2023-03-06 12:29:45 --> You have an error in your SQL syntax; check the manual that corresponds to your MariaDB server version for the right syntax to use near 'investmentname = '123'' at line 1
in SYSTEMPATH\Database\BaseConnection.php on line 645.
 1 APPPATH\Views\pages\Search_view.php(73): CodeIgniter\Database\BaseConnection->query(' SELECT investmentid,investmentname,investmenttype,risklevel,price,postoption FROM investment_idea_table where   investmentid = \'123\'   investmentname = \'123\' ')
 2 SYSTEMPATH\View\View.php(213): include('APPPATH\\Views\\pages\\Search_view.php')
 3 SYSTEMPATH\View\View.php(216): CodeIgniter\View\View->CodeIgniter\View\{closure}()
 4 SYSTEMPATH\Common.php(1177): CodeIgniter\View\View->render('pages/search_view', [], true)
 5 APPPATH\Controllers\Search.php(9): view('pages/search_view')
 6 SYSTEMPATH\CodeIgniter.php(934): App\Controllers\Search->index()
 7 SYSTEMPATH\CodeIgniter.php(499): CodeIgniter\CodeIgniter->runController(Object(App\Controllers\Search))
 8 SYSTEMPATH\CodeIgniter.php(368): CodeIgniter\CodeIgniter->handleRequest(null, Object(Config\Cache), false)
 9 FCPATH\index.php(67): CodeIgniter\CodeIgniter->run()
ERROR - 2023-03-06 12:30:58 --> mysqli_sql_exception: You have an error in your SQL syntax; check the manual that corresponds to your MariaDB server version for the right syntax to use near 'risklevel = '123'' at line 1 in C:\xampp-8\htdocs\ARU_AWS_Team5\system\Database\MySQLi\Connection.php:295
Stack trace:
#0 C:\xampp-8\htdocs\ARU_AWS_Team5\system\Database\MySQLi\Connection.php(295): mysqli->query(' SELECT investm...', 0)
#1 C:\xampp-8\htdocs\ARU_AWS_Team5\system\Database\BaseConnection.php(691): CodeIgniter\Database\MySQLi\Connection->execute(' SELECT investm...')
#2 C:\xampp-8\htdocs\ARU_AWS_Team5\system\Database\BaseConnection.php(605): CodeIgniter\Database\BaseConnection->simpleQuery(' SELECT investm...')
#3 C:\xampp-8\htdocs\ARU_AWS_Team5\app\Views\pages\Search_view.php(73): CodeIgniter\Database\BaseConnection->query(' SELECT investm...')
#4 C:\xampp-8\htdocs\ARU_AWS_Team5\system\View\View.php(213): include('C:\\xampp-8\\htdo...')
#5 C:\xampp-8\htdocs\ARU_AWS_Team5\system\View\View.php(216): CodeIgniter\View\View->CodeIgniter\View\{closure}()
#6 C:\xampp-8\htdocs\ARU_AWS_Team5\system\Common.php(1177): CodeIgniter\View\View->render('pages/search_vi...', Array, true)
#7 C:\xampp-8\htdocs\ARU_AWS_Team5\app\Controllers\Search.php(9): view('pages/search_vi...')
#8 C:\xampp-8\htdocs\ARU_AWS_Team5\system\CodeIgniter.php(934): App\Controllers\Search->index()
#9 C:\xampp-8\htdocs\ARU_AWS_Team5\system\CodeIgniter.php(499): CodeIgniter\CodeIgniter->runController(Object(App\Controllers\Search))
#10 C:\xampp-8\htdocs\ARU_AWS_Team5\system\CodeIgniter.php(368): CodeIgniter\CodeIgniter->handleRequest(NULL, Object(Config\Cache), false)
#11 C:\xampp-8\htdocs\ARU_AWS_Team5\public\index.php(67): CodeIgniter\CodeIgniter->run()
#12 {main}
CRITICAL - 2023-03-06 12:30:58 --> You have an error in your SQL syntax; check the manual that corresponds to your MariaDB server version for the right syntax to use near 'risklevel = '123'' at line 1
in SYSTEMPATH\Database\BaseConnection.php on line 645.
 1 APPPATH\Views\pages\Search_view.php(73): CodeIgniter\Database\BaseConnection->query(' SELECT investmentid,investmentname,investmenttype,risklevel,price,postoption FROM investment_idea_table where    investmentname = \'123\'  risklevel = \'123\' ')
 2 SYSTEMPATH\View\View.php(213): include('APPPATH\\Views\\pages\\Search_view.php')
 3 SYSTEMPATH\View\View.php(216): CodeIgniter\View\View->CodeIgniter\View\{closure}()
 4 SYSTEMPATH\Common.php(1177): CodeIgniter\View\View->render('pages/search_view', [], true)
 5 APPPATH\Controllers\Search.php(9): view('pages/search_view')
 6 SYSTEMPATH\CodeIgniter.php(934): App\Controllers\Search->index()
 7 SYSTEMPATH\CodeIgniter.php(499): CodeIgniter\CodeIgniter->runController(Object(App\Controllers\Search))
 8 SYSTEMPATH\CodeIgniter.php(368): CodeIgniter\CodeIgniter->handleRequest(null, Object(Config\Cache), false)
 9 FCPATH\index.php(67): CodeIgniter\CodeIgniter->run()
ERROR - 2023-03-06 12:31:40 --> mysqli_sql_exception: You have an error in your SQL syntax; check the manual that corresponds to your MariaDB server version for the right syntax to use near 'risklevel = '123'' at line 1 in C:\xampp-8\htdocs\ARU_AWS_Team5\system\Database\MySQLi\Connection.php:295
Stack trace:
#0 C:\xampp-8\htdocs\ARU_AWS_Team5\system\Database\MySQLi\Connection.php(295): mysqli->query(' SELECT investm...', 0)
#1 C:\xampp-8\htdocs\ARU_AWS_Team5\system\Database\BaseConnection.php(691): CodeIgniter\Database\MySQLi\Connection->execute(' SELECT investm...')
#2 C:\xampp-8\htdocs\ARU_AWS_Team5\system\Database\BaseConnection.php(605): CodeIgniter\Database\BaseConnection->simpleQuery(' SELECT investm...')
#3 C:\xampp-8\htdocs\ARU_AWS_Team5\app\Views\pages\Search_view.php(73): CodeIgniter\Database\BaseConnection->query(' SELECT investm...')
#4 C:\xampp-8\htdocs\ARU_AWS_Team5\system\View\View.php(213): include('C:\\xampp-8\\htdo...')
#5 C:\xampp-8\htdocs\ARU_AWS_Team5\system\View\View.php(216): CodeIgniter\View\View->CodeIgniter\View\{closure}()
#6 C:\xampp-8\htdocs\ARU_AWS_Team5\system\Common.php(1177): CodeIgniter\View\View->render('pages/search_vi...', Array, true)
#7 C:\xampp-8\htdocs\ARU_AWS_Team5\app\Controllers\Search.php(9): view('pages/search_vi...')
#8 C:\xampp-8\htdocs\ARU_AWS_Team5\system\CodeIgniter.php(934): App\Controllers\Search->index()
#9 C:\xampp-8\htdocs\ARU_AWS_Team5\system\CodeIgniter.php(499): CodeIgniter\CodeIgniter->runController(Object(App\Controllers\Search))
#10 C:\xampp-8\htdocs\ARU_AWS_Team5\system\CodeIgniter.php(368): CodeIgniter\CodeIgniter->handleRequest(NULL, Object(Config\Cache), false)
#11 C:\xampp-8\htdocs\ARU_AWS_Team5\public\index.php(67): CodeIgniter\CodeIgniter->run()
#12 {main}
CRITICAL - 2023-03-06 12:31:40 --> You have an error in your SQL syntax; check the manual that corresponds to your MariaDB server version for the right syntax to use near 'risklevel = '123'' at line 1
in SYSTEMPATH\Database\BaseConnection.php on line 645.
 1 APPPATH\Views\pages\Search_view.php(73): CodeIgniter\Database\BaseConnection->query(' SELECT investmentid,investmentname,investmenttype,risklevel,price,postoption FROM investment_idea_table where    investmentname = \'123\'  risklevel = \'123\' ')
 2 SYSTEMPATH\View\View.php(213): include('APPPATH\\Views\\pages\\Search_view.php')
 3 SYSTEMPATH\View\View.php(216): CodeIgniter\View\View->CodeIgniter\View\{closure}()
 4 SYSTEMPATH\Common.php(1177): CodeIgniter\View\View->render('pages/search_view', [], true)
 5 APPPATH\Controllers\Search.php(9): view('pages/search_view')
 6 SYSTEMPATH\CodeIgniter.php(934): App\Controllers\Search->index()
 7 SYSTEMPATH\CodeIgniter.php(499): CodeIgniter\CodeIgniter->runController(Object(App\Controllers\Search))
 8 SYSTEMPATH\CodeIgniter.php(368): CodeIgniter\CodeIgniter->handleRequest(null, Object(Config\Cache), false)
 9 FCPATH\index.php(67): CodeIgniter\CodeIgniter->run()
ERROR - 2023-03-06 12:33:22 --> mysqli_sql_exception: You have an error in your SQL syntax; check the manual that corresponds to your MariaDB server version for the right syntax to use near 'investmentname = '123'' at line 1 in C:\xampp-8\htdocs\ARU_AWS_Team5\system\Database\MySQLi\Connection.php:295
Stack trace:
#0 C:\xampp-8\htdocs\ARU_AWS_Team5\system\Database\MySQLi\Connection.php(295): mysqli->query(' SELECT investm...', 0)
#1 C:\xampp-8\htdocs\ARU_AWS_Team5\system\Database\BaseConnection.php(691): CodeIgniter\Database\MySQLi\Connection->execute(' SELECT investm...')
#2 C:\xampp-8\htdocs\ARU_AWS_Team5\system\Database\BaseConnection.php(605): CodeIgniter\Database\BaseConnection->simpleQuery(' SELECT investm...')
#3 C:\xampp-8\htdocs\ARU_AWS_Team5\app\Views\pages\Search_view.php(73): CodeIgniter\Database\BaseConnection->query(' SELECT investm...')
#4 C:\xampp-8\htdocs\ARU_AWS_Team5\system\View\View.php(213): include('C:\\xampp-8\\htdo...')
#5 C:\xampp-8\htdocs\ARU_AWS_Team5\system\View\View.php(216): CodeIgniter\View\View->CodeIgniter\View\{closure}()
#6 C:\xampp-8\htdocs\ARU_AWS_Team5\system\Common.php(1177): CodeIgniter\View\View->render('pages/search_vi...', Array, true)
#7 C:\xampp-8\htdocs\ARU_AWS_Team5\app\Controllers\Search.php(9): view('pages/search_vi...')
#8 C:\xampp-8\htdocs\ARU_AWS_Team5\system\CodeIgniter.php(934): App\Controllers\Search->index()
#9 C:\xampp-8\htdocs\ARU_AWS_Team5\system\CodeIgniter.php(499): CodeIgniter\CodeIgniter->runController(Object(App\Controllers\Search))
#10 C:\xampp-8\htdocs\ARU_AWS_Team5\system\CodeIgniter.php(368): CodeIgniter\CodeIgniter->handleRequest(NULL, Object(Config\Cache), false)
#11 C:\xampp-8\htdocs\ARU_AWS_Team5\public\index.php(67): CodeIgniter\CodeIgniter->run()
#12 {main}
CRITICAL - 2023-03-06 12:33:22 --> You have an error in your SQL syntax; check the manual that corresponds to your MariaDB server version for the right syntax to use near 'investmentname = '123'' at line 1
in SYSTEMPATH\Database\BaseConnection.php on line 645.
 1 APPPATH\Views\pages\Search_view.php(73): CodeIgniter\Database\BaseConnection->query(' SELECT investmentid,investmentname,investmenttype,risklevel,price,postoption FROM investment_idea_table where   investmentid = \'123\'   investmentname = \'123\' ')
 2 SYSTEMPATH\View\View.php(213): include('APPPATH\\Views\\pages\\Search_view.php')
 3 SYSTEMPATH\View\View.php(216): CodeIgniter\View\View->CodeIgniter\View\{closure}()
 4 SYSTEMPATH\Common.php(1177): CodeIgniter\View\View->render('pages/search_view', [], true)
 5 APPPATH\Controllers\Search.php(9): view('pages/search_view')
 6 SYSTEMPATH\CodeIgniter.php(934): App\Controllers\Search->index()
 7 SYSTEMPATH\CodeIgniter.php(499): CodeIgniter\CodeIgniter->runController(Object(App\Controllers\Search))
 8 SYSTEMPATH\CodeIgniter.php(368): CodeIgniter\CodeIgniter->handleRequest(null, Object(Config\Cache), false)
 9 FCPATH\index.php(67): CodeIgniter\CodeIgniter->run()
ERROR - 2023-03-06 12:35:14 --> mysqli_sql_exception: You have an error in your SQL syntax; check the manual that corresponds to your MariaDB server version for the right syntax to use near 'investmentname = '123'' at line 1 in C:\xampp-8\htdocs\ARU_AWS_Team5\system\Database\MySQLi\Connection.php:295
Stack trace:
#0 C:\xampp-8\htdocs\ARU_AWS_Team5\system\Database\MySQLi\Connection.php(295): mysqli->query(' SELECT investm...', 0)
#1 C:\xampp-8\htdocs\ARU_AWS_Team5\system\Database\BaseConnection.php(691): CodeIgniter\Database\MySQLi\Connection->execute(' SELECT investm...')
#2 C:\xampp-8\htdocs\ARU_AWS_Team5\system\Database\BaseConnection.php(605): CodeIgniter\Database\BaseConnection->simpleQuery(' SELECT investm...')
#3 C:\xampp-8\htdocs\ARU_AWS_Team5\app\Views\pages\Search_view.php(73): CodeIgniter\Database\BaseConnection->query(' SELECT investm...')
#4 C:\xampp-8\htdocs\ARU_AWS_Team5\system\View\View.php(213): include('C:\\xampp-8\\htdo...')
#5 C:\xampp-8\htdocs\ARU_AWS_Team5\system\View\View.php(216): CodeIgniter\View\View->CodeIgniter\View\{closure}()
#6 C:\xampp-8\htdocs\ARU_AWS_Team5\system\Common.php(1177): CodeIgniter\View\View->render('pages/search_vi...', Array, true)
#7 C:\xampp-8\htdocs\ARU_AWS_Team5\app\Controllers\Search.php(9): view('pages/search_vi...')
#8 C:\xampp-8\htdocs\ARU_AWS_Team5\system\CodeIgniter.php(934): App\Controllers\Search->index()
#9 C:\xampp-8\htdocs\ARU_AWS_Team5\system\CodeIgniter.php(499): CodeIgniter\CodeIgniter->runController(Object(App\Controllers\Search))
#10 C:\xampp-8\htdocs\ARU_AWS_Team5\system\CodeIgniter.php(368): CodeIgniter\CodeIgniter->handleRequest(NULL, Object(Config\Cache), false)
#11 C:\xampp-8\htdocs\ARU_AWS_Team5\public\index.php(67): CodeIgniter\CodeIgniter->run()
#12 {main}
CRITICAL - 2023-03-06 12:35:14 --> You have an error in your SQL syntax; check the manual that corresponds to your MariaDB server version for the right syntax to use near 'investmentname = '123'' at line 1
in SYSTEMPATH\Database\BaseConnection.php on line 645.
 1 APPPATH\Views\pages\Search_view.php(73): CodeIgniter\Database\BaseConnection->query(' SELECT investmentid,investmentname,investmenttype,risklevel,price,postoption FROM investment_idea_table where   investmentid = \'123\'   investmentname = \'123\' ')
 2 SYSTEMPATH\View\View.php(213): include('APPPATH\\Views\\pages\\Search_view.php')
 3 SYSTEMPATH\View\View.php(216): CodeIgniter\View\View->CodeIgniter\View\{closure}()
 4 SYSTEMPATH\Common.php(1177): CodeIgniter\View\View->render('pages/search_view', [], true)
 5 APPPATH\Controllers\Search.php(9): view('pages/search_view')
 6 SYSTEMPATH\CodeIgniter.php(934): App\Controllers\Search->index()
 7 SYSTEMPATH\CodeIgniter.php(499): CodeIgniter\CodeIgniter->runController(Object(App\Controllers\Search))
 8 SYSTEMPATH\CodeIgniter.php(368): CodeIgniter\CodeIgniter->handleRequest(null, Object(Config\Cache), false)
 9 FCPATH\index.php(67): CodeIgniter\CodeIgniter->run()
ERROR - 2023-03-06 12:36:28 --> mysqli_sql_exception: You have an error in your SQL syntax; check the manual that corresponds to your MariaDB server version for the right syntax to use near 'investmentname = '123'' at line 1 in C:\xampp-8\htdocs\ARU_AWS_Team5\system\Database\MySQLi\Connection.php:295
Stack trace:
#0 C:\xampp-8\htdocs\ARU_AWS_Team5\system\Database\MySQLi\Connection.php(295): mysqli->query(' SELECT investm...', 0)
#1 C:\xampp-8\htdocs\ARU_AWS_Team5\system\Database\BaseConnection.php(691): CodeIgniter\Database\MySQLi\Connection->execute(' SELECT investm...')
#2 C:\xampp-8\htdocs\ARU_AWS_Team5\system\Database\BaseConnection.php(605): CodeIgniter\Database\BaseConnection->simpleQuery(' SELECT investm...')
#3 C:\xampp-8\htdocs\ARU_AWS_Team5\app\Views\pages\Search_view.php(74): CodeIgniter\Database\BaseConnection->query(' SELECT investm...')
#4 C:\xampp-8\htdocs\ARU_AWS_Team5\system\View\View.php(213): include('C:\\xampp-8\\htdo...')
#5 C:\xampp-8\htdocs\ARU_AWS_Team5\system\View\View.php(216): CodeIgniter\View\View->CodeIgniter\View\{closure}()
#6 C:\xampp-8\htdocs\ARU_AWS_Team5\system\Common.php(1177): CodeIgniter\View\View->render('pages/search_vi...', Array, true)
#7 C:\xampp-8\htdocs\ARU_AWS_Team5\app\Controllers\Search.php(9): view('pages/search_vi...')
#8 C:\xampp-8\htdocs\ARU_AWS_Team5\system\CodeIgniter.php(934): App\Controllers\Search->index()
#9 C:\xampp-8\htdocs\ARU_AWS_Team5\system\CodeIgniter.php(499): CodeIgniter\CodeIgniter->runController(Object(App\Controllers\Search))
#10 C:\xampp-8\htdocs\ARU_AWS_Team5\system\CodeIgniter.php(368): CodeIgniter\CodeIgniter->handleRequest(NULL, Object(Config\Cache), false)
#11 C:\xampp-8\htdocs\ARU_AWS_Team5\public\index.php(67): CodeIgniter\CodeIgniter->run()
#12 {main}
CRITICAL - 2023-03-06 12:36:28 --> You have an error in your SQL syntax; check the manual that corresponds to your MariaDB server version for the right syntax to use near 'investmentname = '123'' at line 1
in SYSTEMPATH\Database\BaseConnection.php on line 645.
 1 APPPATH\Views\pages\Search_view.php(74): CodeIgniter\Database\BaseConnection->query(' SELECT investmentid,investmentname,investmenttype,risklevel,price,postoption FROM investment_idea_table where   investmentid = \'123\'   investmentname = \'123\' ')
 2 SYSTEMPATH\View\View.php(213): include('APPPATH\\Views\\pages\\Search_view.php')
 3 SYSTEMPATH\View\View.php(216): CodeIgniter\View\View->CodeIgniter\View\{closure}()
 4 SYSTEMPATH\Common.php(1177): CodeIgniter\View\View->render('pages/search_view', [], true)
 5 APPPATH\Controllers\Search.php(9): view('pages/search_view')
 6 SYSTEMPATH\CodeIgniter.php(934): App\Controllers\Search->index()
 7 SYSTEMPATH\CodeIgniter.php(499): CodeIgniter\CodeIgniter->runController(Object(App\Controllers\Search))
 8 SYSTEMPATH\CodeIgniter.php(368): CodeIgniter\CodeIgniter->handleRequest(null, Object(Config\Cache), false)
 9 FCPATH\index.php(67): CodeIgniter\CodeIgniter->run()
ERROR - 2023-03-06 12:36:31 --> mysqli_sql_exception: You have an error in your SQL syntax; check the manual that corresponds to your MariaDB server version for the right syntax to use near 'investmentname = '123'' at line 1 in C:\xampp-8\htdocs\ARU_AWS_Team5\system\Database\MySQLi\Connection.php:295
Stack trace:
#0 C:\xampp-8\htdocs\ARU_AWS_Team5\system\Database\MySQLi\Connection.php(295): mysqli->query(' SELECT investm...', 0)
#1 C:\xampp-8\htdocs\ARU_AWS_Team5\system\Database\BaseConnection.php(691): CodeIgniter\Database\MySQLi\Connection->execute(' SELECT investm...')
#2 C:\xampp-8\htdocs\ARU_AWS_Team5\system\Database\BaseConnection.php(605): CodeIgniter\Database\BaseConnection->simpleQuery(' SELECT investm...')
#3 C:\xampp-8\htdocs\ARU_AWS_Team5\app\Views\pages\Search_view.php(74): CodeIgniter\Database\BaseConnection->query(' SELECT investm...')
#4 C:\xampp-8\htdocs\ARU_AWS_Team5\system\View\View.php(213): include('C:\\xampp-8\\htdo...')
#5 C:\xampp-8\htdocs\ARU_AWS_Team5\system\View\View.php(216): CodeIgniter\View\View->CodeIgniter\View\{closure}()
#6 C:\xampp-8\htdocs\ARU_AWS_Team5\system\Common.php(1177): CodeIgniter\View\View->render('pages/search_vi...', Array, true)
#7 C:\xampp-8\htdocs\ARU_AWS_Team5\app\Controllers\Search.php(9): view('pages/search_vi...')
#8 C:\xampp-8\htdocs\ARU_AWS_Team5\system\CodeIgniter.php(934): App\Controllers\Search->index()
#9 C:\xampp-8\htdocs\ARU_AWS_Team5\system\CodeIgniter.php(499): CodeIgniter\CodeIgniter->runController(Object(App\Controllers\Search))
#10 C:\xampp-8\htdocs\ARU_AWS_Team5\system\CodeIgniter.php(368): CodeIgniter\CodeIgniter->handleRequest(NULL, Object(Config\Cache), false)
#11 C:\xampp-8\htdocs\ARU_AWS_Team5\public\index.php(67): CodeIgniter\CodeIgniter->run()
#12 {main}
CRITICAL - 2023-03-06 12:36:31 --> You have an error in your SQL syntax; check the manual that corresponds to your MariaDB server version for the right syntax to use near 'investmentname = '123'' at line 1
in SYSTEMPATH\Database\BaseConnection.php on line 645.
 1 APPPATH\Views\pages\Search_view.php(74): CodeIgniter\Database\BaseConnection->query(' SELECT investmentid,investmentname,investmenttype,risklevel,price,postoption FROM investment_idea_table where   investmentid = \'123\'   investmentname = \'123\' ')
 2 SYSTEMPATH\View\View.php(213): include('APPPATH\\Views\\pages\\Search_view.php')
 3 SYSTEMPATH\View\View.php(216): CodeIgniter\View\View->CodeIgniter\View\{closure}()
 4 SYSTEMPATH\Common.php(1177): CodeIgniter\View\View->render('pages/search_view', [], true)
 5 APPPATH\Controllers\Search.php(9): view('pages/search_view')
 6 SYSTEMPATH\CodeIgniter.php(934): App\Controllers\Search->index()
 7 SYSTEMPATH\CodeIgniter.php(499): CodeIgniter\CodeIgniter->runController(Object(App\Controllers\Search))
 8 SYSTEMPATH\CodeIgniter.php(368): CodeIgniter\CodeIgniter->handleRequest(null, Object(Config\Cache), false)
 9 FCPATH\index.php(67): CodeIgniter\CodeIgniter->run()
ERROR - 2023-03-06 12:36:33 --> mysqli_sql_exception: You have an error in your SQL syntax; check the manual that corresponds to your MariaDB server version for the right syntax to use near 'investmentname = '123'' at line 1 in C:\xampp-8\htdocs\ARU_AWS_Team5\system\Database\MySQLi\Connection.php:295
Stack trace:
#0 C:\xampp-8\htdocs\ARU_AWS_Team5\system\Database\MySQLi\Connection.php(295): mysqli->query(' SELECT investm...', 0)
#1 C:\xampp-8\htdocs\ARU_AWS_Team5\system\Database\BaseConnection.php(691): CodeIgniter\Database\MySQLi\Connection->execute(' SELECT investm...')
#2 C:\xampp-8\htdocs\ARU_AWS_Team5\system\Database\BaseConnection.php(605): CodeIgniter\Database\BaseConnection->simpleQuery(' SELECT investm...')
#3 C:\xampp-8\htdocs\ARU_AWS_Team5\app\Views\pages\Search_view.php(74): CodeIgniter\Database\BaseConnection->query(' SELECT investm...')
#4 C:\xampp-8\htdocs\ARU_AWS_Team5\system\View\View.php(213): include('C:\\xampp-8\\htdo...')
#5 C:\xampp-8\htdocs\ARU_AWS_Team5\system\View\View.php(216): CodeIgniter\View\View->CodeIgniter\View\{closure}()
#6 C:\xampp-8\htdocs\ARU_AWS_Team5\system\Common.php(1177): CodeIgniter\View\View->render('pages/search_vi...', Array, true)
#7 C:\xampp-8\htdocs\ARU_AWS_Team5\app\Controllers\Search.php(9): view('pages/search_vi...')
#8 C:\xampp-8\htdocs\ARU_AWS_Team5\system\CodeIgniter.php(934): App\Controllers\Search->index()
#9 C:\xampp-8\htdocs\ARU_AWS_Team5\system\CodeIgniter.php(499): CodeIgniter\CodeIgniter->runController(Object(App\Controllers\Search))
#10 C:\xampp-8\htdocs\ARU_AWS_Team5\system\CodeIgniter.php(368): CodeIgniter\CodeIgniter->handleRequest(NULL, Object(Config\Cache), false)
#11 C:\xampp-8\htdocs\ARU_AWS_Team5\public\index.php(67): CodeIgniter\CodeIgniter->run()
#12 {main}
CRITICAL - 2023-03-06 12:36:33 --> You have an error in your SQL syntax; check the manual that corresponds to your MariaDB server version for the right syntax to use near 'investmentname = '123'' at line 1
in SYSTEMPATH\Database\BaseConnection.php on line 645.
 1 APPPATH\Views\pages\Search_view.php(74): CodeIgniter\Database\BaseConnection->query(' SELECT investmentid,investmentname,investmenttype,risklevel,price,postoption FROM investment_idea_table where   investmentid = \'123\'   investmentname = \'123\' ')
 2 SYSTEMPATH\View\View.php(213): include('APPPATH\\Views\\pages\\Search_view.php')
 3 SYSTEMPATH\View\View.php(216): CodeIgniter\View\View->CodeIgniter\View\{closure}()
 4 SYSTEMPATH\Common.php(1177): CodeIgniter\View\View->render('pages/search_view', [], true)
 5 APPPATH\Controllers\Search.php(9): view('pages/search_view')
 6 SYSTEMPATH\CodeIgniter.php(934): App\Controllers\Search->index()
 7 SYSTEMPATH\CodeIgniter.php(499): CodeIgniter\CodeIgniter->runController(Object(App\Controllers\Search))
 8 SYSTEMPATH\CodeIgniter.php(368): CodeIgniter\CodeIgniter->handleRequest(null, Object(Config\Cache), false)
 9 FCPATH\index.php(67): CodeIgniter\CodeIgniter->run()
ERROR - 2023-03-06 15:09:27 --> mysqli_sql_exception: You have an error in your SQL syntax; check the manual that corresponds to your MariaDB server version for the right syntax to use near '%'teststock'%' at line 1 in C:\xampp-8\htdocs\ARU_AWS_Team5\system\Database\MySQLi\Connection.php:295
Stack trace:
#0 C:\xampp-8\htdocs\ARU_AWS_Team5\system\Database\MySQLi\Connection.php(295): mysqli->query(' SELECT investm...', 0)
#1 C:\xampp-8\htdocs\ARU_AWS_Team5\system\Database\BaseConnection.php(691): CodeIgniter\Database\MySQLi\Connection->execute(' SELECT investm...')
#2 C:\xampp-8\htdocs\ARU_AWS_Team5\system\Database\BaseConnection.php(605): CodeIgniter\Database\BaseConnection->simpleQuery(' SELECT investm...')
#3 C:\xampp-8\htdocs\ARU_AWS_Team5\app\Views\pages\Search_view.php(75): CodeIgniter\Database\BaseConnection->query(' SELECT investm...')
#4 C:\xampp-8\htdocs\ARU_AWS_Team5\system\View\View.php(213): include('C:\\xampp-8\\htdo...')
#5 C:\xampp-8\htdocs\ARU_AWS_Team5\system\View\View.php(216): CodeIgniter\View\View->CodeIgniter\View\{closure}()
#6 C:\xampp-8\htdocs\ARU_AWS_Team5\system\Common.php(1177): CodeIgniter\View\View->render('pages/search_vi...', Array, true)
#7 C:\xampp-8\htdocs\ARU_AWS_Team5\app\Controllers\Search.php(9): view('pages/search_vi...')
#8 C:\xampp-8\htdocs\ARU_AWS_Team5\system\CodeIgniter.php(934): App\Controllers\Search->index()
#9 C:\xampp-8\htdocs\ARU_AWS_Team5\system\CodeIgniter.php(499): CodeIgniter\CodeIgniter->runController(Object(App\Controllers\Search))
#10 C:\xampp-8\htdocs\ARU_AWS_Team5\system\CodeIgniter.php(368): CodeIgniter\CodeIgniter->handleRequest(NULL, Object(Config\Cache), false)
#11 C:\xampp-8\htdocs\ARU_AWS_Team5\public\index.php(67): CodeIgniter\CodeIgniter->run()
#12 {main}
CRITICAL - 2023-03-06 15:09:27 --> You have an error in your SQL syntax; check the manual that corresponds to your MariaDB server version for the right syntax to use near '%'teststock'%' at line 1
in SYSTEMPATH\Database\BaseConnection.php on line 645.
 1 APPPATH\Views\pages\Search_view.php(75): CodeIgniter\Database\BaseConnection->query(' SELECT investmentid,investmentname,investmenttype,risklevel,price,postoption FROM investment_idea_table where  investmentname like %\'teststock\'% ')
 2 SYSTEMPATH\View\View.php(213): include('APPPATH\\Views\\pages\\Search_view.php')
 3 SYSTEMPATH\View\View.php(216): CodeIgniter\View\View->CodeIgniter\View\{closure}()
 4 SYSTEMPATH\Common.php(1177): CodeIgniter\View\View->render('pages/search_view', [], true)
 5 APPPATH\Controllers\Search.php(9): view('pages/search_view')
 6 SYSTEMPATH\CodeIgniter.php(934): App\Controllers\Search->index()
 7 SYSTEMPATH\CodeIgniter.php(499): CodeIgniter\CodeIgniter->runController(Object(App\Controllers\Search))
 8 SYSTEMPATH\CodeIgniter.php(368): CodeIgniter\CodeIgniter->handleRequest(null, Object(Config\Cache), false)
 9 FCPATH\index.php(67): CodeIgniter\CodeIgniter->run()
ERROR - 2023-03-06 15:09:39 --> mysqli_sql_exception: You have an error in your SQL syntax; check the manual that corresponds to your MariaDB server version for the right syntax to use near '%'teststock'%' at line 1 in C:\xampp-8\htdocs\ARU_AWS_Team5\system\Database\MySQLi\Connection.php:295
Stack trace:
#0 C:\xampp-8\htdocs\ARU_AWS_Team5\system\Database\MySQLi\Connection.php(295): mysqli->query(' SELECT investm...', 0)
#1 C:\xampp-8\htdocs\ARU_AWS_Team5\system\Database\BaseConnection.php(691): CodeIgniter\Database\MySQLi\Connection->execute(' SELECT investm...')
#2 C:\xampp-8\htdocs\ARU_AWS_Team5\system\Database\BaseConnection.php(605): CodeIgniter\Database\BaseConnection->simpleQuery(' SELECT investm...')
#3 C:\xampp-8\htdocs\ARU_AWS_Team5\app\Views\pages\Search_view.php(75): CodeIgniter\Database\BaseConnection->query(' SELECT investm...')
#4 C:\xampp-8\htdocs\ARU_AWS_Team5\system\View\View.php(213): include('C:\\xampp-8\\htdo...')
#5 C:\xampp-8\htdocs\ARU_AWS_Team5\system\View\View.php(216): CodeIgniter\View\View->CodeIgniter\View\{closure}()
#6 C:\xampp-8\htdocs\ARU_AWS_Team5\system\Common.php(1177): CodeIgniter\View\View->render('pages/search_vi...', Array, true)
#7 C:\xampp-8\htdocs\ARU_AWS_Team5\app\Controllers\Search.php(9): view('pages/search_vi...')
#8 C:\xampp-8\htdocs\ARU_AWS_Team5\system\CodeIgniter.php(934): App\Controllers\Search->index()
#9 C:\xampp-8\htdocs\ARU_AWS_Team5\system\CodeIgniter.php(499): CodeIgniter\CodeIgniter->runController(Object(App\Controllers\Search))
#10 C:\xampp-8\htdocs\ARU_AWS_Team5\system\CodeIgniter.php(368): CodeIgniter\CodeIgniter->handleRequest(NULL, Object(Config\Cache), false)
#11 C:\xampp-8\htdocs\ARU_AWS_Team5\public\index.php(67): CodeIgniter\CodeIgniter->run()
#12 {main}
CRITICAL - 2023-03-06 15:09:39 --> You have an error in your SQL syntax; check the manual that corresponds to your MariaDB server version for the right syntax to use near '%'teststock'%' at line 1
in SYSTEMPATH\Database\BaseConnection.php on line 645.
 1 APPPATH\Views\pages\Search_view.php(75): CodeIgniter\Database\BaseConnection->query(' SELECT investmentid,investmentname,investmenttype,risklevel,price,postoption FROM investment_idea_table where  investmentname like %\'teststock\'% ')
 2 SYSTEMPATH\View\View.php(213): include('APPPATH\\Views\\pages\\Search_view.php')
 3 SYSTEMPATH\View\View.php(216): CodeIgniter\View\View->CodeIgniter\View\{closure}()
 4 SYSTEMPATH\Common.php(1177): CodeIgniter\View\View->render('pages/search_view', [], true)
 5 APPPATH\Controllers\Search.php(9): view('pages/search_view')
 6 SYSTEMPATH\CodeIgniter.php(934): App\Controllers\Search->index()
 7 SYSTEMPATH\CodeIgniter.php(499): CodeIgniter\CodeIgniter->runController(Object(App\Controllers\Search))
 8 SYSTEMPATH\CodeIgniter.php(368): CodeIgniter\CodeIgniter->handleRequest(null, Object(Config\Cache), false)
 9 FCPATH\index.php(67): CodeIgniter\CodeIgniter->run()
ERROR - 2023-03-06 15:10:07 --> mysqli_sql_exception: You have an error in your SQL syntax; check the manual that corresponds to your MariaDB server version for the right syntax to use near '%'teststocks'%' at line 1 in C:\xampp-8\htdocs\ARU_AWS_Team5\system\Database\MySQLi\Connection.php:295
Stack trace:
#0 C:\xampp-8\htdocs\ARU_AWS_Team5\system\Database\MySQLi\Connection.php(295): mysqli->query(' SELECT investm...', 0)
#1 C:\xampp-8\htdocs\ARU_AWS_Team5\system\Database\BaseConnection.php(691): CodeIgniter\Database\MySQLi\Connection->execute(' SELECT investm...')
#2 C:\xampp-8\htdocs\ARU_AWS_Team5\system\Database\BaseConnection.php(605): CodeIgniter\Database\BaseConnection->simpleQuery(' SELECT investm...')
#3 C:\xampp-8\htdocs\ARU_AWS_Team5\app\Views\pages\Search_view.php(75): CodeIgniter\Database\BaseConnection->query(' SELECT investm...')
#4 C:\xampp-8\htdocs\ARU_AWS_Team5\system\View\View.php(213): include('C:\\xampp-8\\htdo...')
#5 C:\xampp-8\htdocs\ARU_AWS_Team5\system\View\View.php(216): CodeIgniter\View\View->CodeIgniter\View\{closure}()
#6 C:\xampp-8\htdocs\ARU_AWS_Team5\system\Common.php(1177): CodeIgniter\View\View->render('pages/search_vi...', Array, true)
#7 C:\xampp-8\htdocs\ARU_AWS_Team5\app\Controllers\Search.php(9): view('pages/search_vi...')
#8 C:\xampp-8\htdocs\ARU_AWS_Team5\system\CodeIgniter.php(934): App\Controllers\Search->index()
#9 C:\xampp-8\htdocs\ARU_AWS_Team5\system\CodeIgniter.php(499): CodeIgniter\CodeIgniter->runController(Object(App\Controllers\Search))
#10 C:\xampp-8\htdocs\ARU_AWS_Team5\system\CodeIgniter.php(368): CodeIgniter\CodeIgniter->handleRequest(NULL, Object(Config\Cache), false)
#11 C:\xampp-8\htdocs\ARU_AWS_Team5\public\index.php(67): CodeIgniter\CodeIgniter->run()
#12 {main}
CRITICAL - 2023-03-06 15:10:07 --> You have an error in your SQL syntax; check the manual that corresponds to your MariaDB server version for the right syntax to use near '%'teststocks'%' at line 1
in SYSTEMPATH\Database\BaseConnection.php on line 645.
 1 APPPATH\Views\pages\Search_view.php(75): CodeIgniter\Database\BaseConnection->query(' SELECT investmentid,investmentname,investmenttype,risklevel,price,postoption FROM investment_idea_table where  investmentname like %\'teststocks\'% ')
 2 SYSTEMPATH\View\View.php(213): include('APPPATH\\Views\\pages\\Search_view.php')
 3 SYSTEMPATH\View\View.php(216): CodeIgniter\View\View->CodeIgniter\View\{closure}()
 4 SYSTEMPATH\Common.php(1177): CodeIgniter\View\View->render('pages/search_view', [], true)
 5 APPPATH\Controllers\Search.php(9): view('pages/search_view')
 6 SYSTEMPATH\CodeIgniter.php(934): App\Controllers\Search->index()
 7 SYSTEMPATH\CodeIgniter.php(499): CodeIgniter\CodeIgniter->runController(Object(App\Controllers\Search))
 8 SYSTEMPATH\CodeIgniter.php(368): CodeIgniter\CodeIgniter->handleRequest(null, Object(Config\Cache), false)
 9 FCPATH\index.php(67): CodeIgniter\CodeIgniter->run()
ERROR - 2023-03-06 15:10:18 --> mysqli_sql_exception: You have an error in your SQL syntax; check the manual that corresponds to your MariaDB server version for the right syntax to use near '%'teststocks'%' at line 1 in C:\xampp-8\htdocs\ARU_AWS_Team5\system\Database\MySQLi\Connection.php:295
Stack trace:
#0 C:\xampp-8\htdocs\ARU_AWS_Team5\system\Database\MySQLi\Connection.php(295): mysqli->query(' SELECT investm...', 0)
#1 C:\xampp-8\htdocs\ARU_AWS_Team5\system\Database\BaseConnection.php(691): CodeIgniter\Database\MySQLi\Connection->execute(' SELECT investm...')
#2 C:\xampp-8\htdocs\ARU_AWS_Team5\system\Database\BaseConnection.php(605): CodeIgniter\Database\BaseConnection->simpleQuery(' SELECT investm...')
#3 C:\xampp-8\htdocs\ARU_AWS_Team5\app\Views\pages\Search_view.php(75): CodeIgniter\Database\BaseConnection->query(' SELECT investm...')
#4 C:\xampp-8\htdocs\ARU_AWS_Team5\system\View\View.php(213): include('C:\\xampp-8\\htdo...')
#5 C:\xampp-8\htdocs\ARU_AWS_Team5\system\View\View.php(216): CodeIgniter\View\View->CodeIgniter\View\{closure}()
#6 C:\xampp-8\htdocs\ARU_AWS_Team5\system\Common.php(1177): CodeIgniter\View\View->render('pages/search_vi...', Array, true)
#7 C:\xampp-8\htdocs\ARU_AWS_Team5\app\Controllers\Search.php(9): view('pages/search_vi...')
#8 C:\xampp-8\htdocs\ARU_AWS_Team5\system\CodeIgniter.php(934): App\Controllers\Search->index()
#9 C:\xampp-8\htdocs\ARU_AWS_Team5\system\CodeIgniter.php(499): CodeIgniter\CodeIgniter->runController(Object(App\Controllers\Search))
#10 C:\xampp-8\htdocs\ARU_AWS_Team5\system\CodeIgniter.php(368): CodeIgniter\CodeIgniter->handleRequest(NULL, Object(Config\Cache), false)
#11 C:\xampp-8\htdocs\ARU_AWS_Team5\public\index.php(67): CodeIgniter\CodeIgniter->run()
#12 {main}
CRITICAL - 2023-03-06 15:10:18 --> You have an error in your SQL syntax; check the manual that corresponds to your MariaDB server version for the right syntax to use near '%'teststocks'%' at line 1
in SYSTEMPATH\Database\BaseConnection.php on line 645.
 1 APPPATH\Views\pages\Search_view.php(75): CodeIgniter\Database\BaseConnection->query(' SELECT investmentid,investmentname,investmenttype,risklevel,price,postoption FROM investment_idea_table where  investmentname like %\'teststocks\'% ')
 2 SYSTEMPATH\View\View.php(213): include('APPPATH\\Views\\pages\\Search_view.php')
 3 SYSTEMPATH\View\View.php(216): CodeIgniter\View\View->CodeIgniter\View\{closure}()
 4 SYSTEMPATH\Common.php(1177): CodeIgniter\View\View->render('pages/search_view', [], true)
 5 APPPATH\Controllers\Search.php(9): view('pages/search_view')
 6 SYSTEMPATH\CodeIgniter.php(934): App\Controllers\Search->index()
 7 SYSTEMPATH\CodeIgniter.php(499): CodeIgniter\CodeIgniter->runController(Object(App\Controllers\Search))
 8 SYSTEMPATH\CodeIgniter.php(368): CodeIgniter\CodeIgniter->handleRequest(null, Object(Config\Cache), false)
 9 FCPATH\index.php(67): CodeIgniter\CodeIgniter->run()
CRITICAL - 2023-03-06 16:08:57 --> Undefined property: stdClass::$investmentname
in APPPATH\Views\pages\Search_view.php on line 135.
 1 APPPATH\Views\pages\Search_view.php(135): CodeIgniter\Debug\Exceptions->errorHandler(2, 'Undefined property: stdClass::$investmentname', 'APPPATH\\Views\\pages\\Search_view.php', 135)
 2 SYSTEMPATH\View\View.php(213): include('APPPATH\\Views\\pages\\Search_view.php')
 3 SYSTEMPATH\View\View.php(216): CodeIgniter\View\View->CodeIgniter\View\{closure}()
 4 SYSTEMPATH\Common.php(1177): CodeIgniter\View\View->render('pages/search_view', [], true)
 5 APPPATH\Controllers\Search.php(9): view('pages/search_view')
 6 SYSTEMPATH\CodeIgniter.php(934): App\Controllers\Search->index()
 7 SYSTEMPATH\CodeIgniter.php(499): CodeIgniter\CodeIgniter->runController(Object(App\Controllers\Search))
 8 SYSTEMPATH\CodeIgniter.php(368): CodeIgniter\CodeIgniter->handleRequest(null, Object(Config\Cache), false)
 9 FCPATH\index.php(67): CodeIgniter\CodeIgniter->run()
CRITICAL - 2023-03-06 16:09:40 --> Undefined property: stdClass::$investmentname
in APPPATH\Views\pages\Search_view.php on line 135.
 1 APPPATH\Views\pages\Search_view.php(135): CodeIgniter\Debug\Exceptions->errorHandler(2, 'Undefined property: stdClass::$investmentname', 'APPPATH\\Views\\pages\\Search_view.php', 135)
 2 SYSTEMPATH\View\View.php(213): include('APPPATH\\Views\\pages\\Search_view.php')
 3 SYSTEMPATH\View\View.php(216): CodeIgniter\View\View->CodeIgniter\View\{closure}()
 4 SYSTEMPATH\Common.php(1177): CodeIgniter\View\View->render('pages/search_view', [], true)
 5 APPPATH\Controllers\Search.php(9): view('pages/search_view')
 6 SYSTEMPATH\CodeIgniter.php(934): App\Controllers\Search->index()
 7 SYSTEMPATH\CodeIgniter.php(499): CodeIgniter\CodeIgniter->runController(Object(App\Controllers\Search))
 8 SYSTEMPATH\CodeIgniter.php(368): CodeIgniter\CodeIgniter->handleRequest(null, Object(Config\Cache), false)
 9 FCPATH\index.php(67): CodeIgniter\CodeIgniter->run()
CRITICAL - 2023-03-06 16:33:55 --> Undefined array key "username"
in APPPATH\Views\pages\Rmpage_view.php on line 229.
 1 APPPATH\Views\pages\Rmpage_view.php(229): CodeIgniter\Debug\Exceptions->errorHandler(2, 'Undefined array key "username"', 'APPPATH\\Views\\pages\\Rmpage_view.php', 229)
 2 SYSTEMPATH\View\View.php(213): include('APPPATH\\Views\\pages\\Rmpage_view.php')
 3 SYSTEMPATH\View\View.php(216): CodeIgniter\View\View->CodeIgniter\View\{closure}()
 4 SYSTEMPATH\Common.php(1177): CodeIgniter\View\View->render('pages/rmpage_view', [], true)
 5 APPPATH\Controllers\Rmhome.php(9): view('pages/rmpage_view')
 6 SYSTEMPATH\CodeIgniter.php(934): App\Controllers\Rmhome->index()
 7 SYSTEMPATH\CodeIgniter.php(499): CodeIgniter\CodeIgniter->runController(Object(App\Controllers\Rmhome))
 8 SYSTEMPATH\CodeIgniter.php(368): CodeIgniter\CodeIgniter->handleRequest(null, Object(Config\Cache), false)
 9 FCPATH\index.php(67): CodeIgniter\CodeIgniter->run()
