CRITICAL - 2023-03-10 13:05:59 --> Undefined array key "investid"
in APPPATH\Views\pages\Postpage_view.php on line 12.
 1 APPPATH\Views\pages\Postpage_view.php(12): CodeIgniter\Debug\Exceptions->errorHandler(2, 'Undefined array key "investid"', 'APPPATH\\Views\\pages\\Postpage_view.php', 12)
 2 SYSTEMPATH\View\View.php(213): include('APPPATH\\Views\\pages\\Postpage_view.php')
 3 SYSTEMPATH\View\View.php(216): CodeIgniter\View\View->CodeIgniter\View\{closure}()
 4 SYSTEMPATH\Common.php(1177): CodeIgniter\View\View->render('pages/postpage_view', [], true)
 5 APPPATH\Controllers\Postinvestment.php(9): view('pages/postpage_view')
 6 SYSTEMPATH\CodeIgniter.php(934): App\Controllers\Postinvestment->index()
 7 SYSTEMPATH\CodeIgniter.php(499): CodeIgniter\CodeIgniter->runController(Object(App\Controllers\Postinvestment))
 8 SYSTEMPATH\CodeIgniter.php(368): CodeIgniter\CodeIgniter->handleRequest(null, Object(Config\Cache), false)
 9 FCPATH\index.php(67): CodeIgniter\CodeIgniter->run()
CRITICAL - 2023-03-10 13:08:01 --> Undefined array key "investid"
in APPPATH\Views\pages\Postpage_view.php on line 12.
 1 APPPATH\Views\pages\Postpage_view.php(12): CodeIgniter\Debug\Exceptions->errorHandler(2, 'Undefined array key "investid"', 'APPPATH\\Views\\pages\\Postpage_view.php', 12)
 2 SYSTEMPATH\View\View.php(213): include('APPPATH\\Views\\pages\\Postpage_view.php')
 3 SYSTEMPATH\View\View.php(216): CodeIgniter\View\View->CodeIgniter\View\{closure}()
 4 SYSTEMPATH\Common.php(1177): CodeIgniter\View\View->render('pages/postpage_view', [], true)
 5 APPPATH\Controllers\Postinvestment.php(9): view('pages/postpage_view')
 6 SYSTEMPATH\CodeIgniter.php(934): App\Controllers\Postinvestment->index()
 7 SYSTEMPATH\CodeIgniter.php(499): CodeIgniter\CodeIgniter->runController(Object(App\Controllers\Postinvestment))
 8 SYSTEMPATH\CodeIgniter.php(368): CodeIgniter\CodeIgniter->handleRequest(null, Object(Config\Cache), false)
 9 FCPATH\index.php(67): CodeIgniter\CodeIgniter->run()
CRITICAL - 2023-03-10 13:10:37 --> Undefined array key "investid"
in APPPATH\Views\pages\Postpage_view.php on line 12.
 1 APPPATH\Views\pages\Postpage_view.php(12): CodeIgniter\Debug\Exceptions->errorHandler(2, 'Undefined array key "investid"', 'APPPATH\\Views\\pages\\Postpage_view.php', 12)
 2 SYSTEMPATH\View\View.php(213): include('APPPATH\\Views\\pages\\Postpage_view.php')
 3 SYSTEMPATH\View\View.php(216): CodeIgniter\View\View->CodeIgniter\View\{closure}()
 4 SYSTEMPATH\Common.php(1177): CodeIgniter\View\View->render('pages/postpage_view', [], true)
 5 APPPATH\Controllers\Postinvestment.php(9): view('pages/postpage_view')
 6 SYSTEMPATH\CodeIgniter.php(934): App\Controllers\Postinvestment->index()
 7 SYSTEMPATH\CodeIgniter.php(499): CodeIgniter\CodeIgniter->runController(Object(App\Controllers\Postinvestment))
 8 SYSTEMPATH\CodeIgniter.php(368): CodeIgniter\CodeIgniter->handleRequest(null, Object(Config\Cache), false)
 9 FCPATH\index.php(67): CodeIgniter\CodeIgniter->run()
CRITICAL - 2023-03-10 13:11:41 --> Undefined array key "investid"
in APPPATH\Views\pages\Postpage_view.php on line 12.
 1 APPPATH\Views\pages\Postpage_view.php(12): CodeIgniter\Debug\Exceptions->errorHandler(2, 'Undefined array key "investid"', 'APPPATH\\Views\\pages\\Postpage_view.php', 12)
 2 SYSTEMPATH\View\View.php(213): include('APPPATH\\Views\\pages\\Postpage_view.php')
 3 SYSTEMPATH\View\View.php(216): CodeIgniter\View\View->CodeIgniter\View\{closure}()
 4 SYSTEMPATH\Common.php(1177): CodeIgniter\View\View->render('pages/postpage_view', [], true)
 5 APPPATH\Controllers\Postinvestment.php(9): view('pages/postpage_view')
 6 SYSTEMPATH\CodeIgniter.php(934): App\Controllers\Postinvestment->index()
 7 SYSTEMPATH\CodeIgniter.php(499): CodeIgniter\CodeIgniter->runController(Object(App\Controllers\Postinvestment))
 8 SYSTEMPATH\CodeIgniter.php(368): CodeIgniter\CodeIgniter->handleRequest(null, Object(Config\Cache), false)
 9 FCPATH\index.php(67): CodeIgniter\CodeIgniter->run()
CRITICAL - 2023-03-10 13:13:52 --> Undefined array key "investid"
in APPPATH\Views\pages\Postpage_view.php on line 46.
 1 APPPATH\Views\pages\Postpage_view.php(46): CodeIgniter\Debug\Exceptions->errorHandler(2, 'Undefined array key "investid"', 'APPPATH\\Views\\pages\\Postpage_view.php', 46)
 2 SYSTEMPATH\View\View.php(213): include('APPPATH\\Views\\pages\\Postpage_view.php')
 3 SYSTEMPATH\View\View.php(216): CodeIgniter\View\View->CodeIgniter\View\{closure}()
 4 SYSTEMPATH\Common.php(1177): CodeIgniter\View\View->render('pages/postpage_view', [], true)
 5 APPPATH\Controllers\Postinvestment.php(9): view('pages/postpage_view')
 6 SYSTEMPATH\CodeIgniter.php(934): App\Controllers\Postinvestment->index()
 7 SYSTEMPATH\CodeIgniter.php(499): CodeIgniter\CodeIgniter->runController(Object(App\Controllers\Postinvestment))
 8 SYSTEMPATH\CodeIgniter.php(368): CodeIgniter\CodeIgniter->handleRequest(null, Object(Config\Cache), false)
 9 FCPATH\index.php(67): CodeIgniter\CodeIgniter->run()
CRITICAL - 2023-03-10 13:14:37 --> Undefined array key "investid"
in APPPATH\Views\pages\Postpage_view.php on line 46.
 1 APPPATH\Views\pages\Postpage_view.php(46): CodeIgniter\Debug\Exceptions->errorHandler(2, 'Undefined array key "investid"', 'APPPATH\\Views\\pages\\Postpage_view.php', 46)
 2 SYSTEMPATH\View\View.php(213): include('APPPATH\\Views\\pages\\Postpage_view.php')
 3 SYSTEMPATH\View\View.php(216): CodeIgniter\View\View->CodeIgniter\View\{closure}()
 4 SYSTEMPATH\Common.php(1177): CodeIgniter\View\View->render('pages/postpage_view', [], true)
 5 APPPATH\Controllers\Postinvestment.php(9): view('pages/postpage_view')
 6 SYSTEMPATH\CodeIgniter.php(934): App\Controllers\Postinvestment->index()
 7 SYSTEMPATH\CodeIgniter.php(499): CodeIgniter\CodeIgniter->runController(Object(App\Controllers\Postinvestment))
 8 SYSTEMPATH\CodeIgniter.php(368): CodeIgniter\CodeIgniter->handleRequest(null, Object(Config\Cache), false)
 9 FCPATH\index.php(67): CodeIgniter\CodeIgniter->run()
CRITICAL - 2023-03-10 13:15:25 --> Undefined array key "investid"
in APPPATH\Views\pages\Postpage_view.php on line 46.
 1 APPPATH\Views\pages\Postpage_view.php(46): CodeIgniter\Debug\Exceptions->errorHandler(2, 'Undefined array key "investid"', 'APPPATH\\Views\\pages\\Postpage_view.php', 46)
 2 SYSTEMPATH\View\View.php(213): include('APPPATH\\Views\\pages\\Postpage_view.php')
 3 SYSTEMPATH\View\View.php(216): CodeIgniter\View\View->CodeIgniter\View\{closure}()
 4 SYSTEMPATH\Common.php(1177): CodeIgniter\View\View->render('pages/postpage_view', [], true)
 5 APPPATH\Controllers\Postinvestment.php(9): view('pages/postpage_view')
 6 SYSTEMPATH\CodeIgniter.php(934): App\Controllers\Postinvestment->index()
 7 SYSTEMPATH\CodeIgniter.php(499): CodeIgniter\CodeIgniter->runController(Object(App\Controllers\Postinvestment))
 8 SYSTEMPATH\CodeIgniter.php(368): CodeIgniter\CodeIgniter->handleRequest(null, Object(Config\Cache), false)
 9 FCPATH\index.php(67): CodeIgniter\CodeIgniter->run()
CRITICAL - 2023-03-10 13:19:24 --> Undefined array key "investid"
in APPPATH\Views\pages\Postpage_view.php on line 17.
 1 APPPATH\Views\pages\Postpage_view.php(17): CodeIgniter\Debug\Exceptions->errorHandler(2, 'Undefined array key "investid"', 'APPPATH\\Views\\pages\\Postpage_view.php', 17)
 2 SYSTEMPATH\View\View.php(213): include('APPPATH\\Views\\pages\\Postpage_view.php')
 3 SYSTEMPATH\View\View.php(216): CodeIgniter\View\View->CodeIgniter\View\{closure}()
 4 SYSTEMPATH\Common.php(1177): CodeIgniter\View\View->render('pages/postpage_view', [], true)
 5 APPPATH\Controllers\Postinvestment.php(9): view('pages/postpage_view')
 6 SYSTEMPATH\CodeIgniter.php(934): App\Controllers\Postinvestment->index()
 7 SYSTEMPATH\CodeIgniter.php(499): CodeIgniter\CodeIgniter->runController(Object(App\Controllers\Postinvestment))
 8 SYSTEMPATH\CodeIgniter.php(368): CodeIgniter\CodeIgniter->handleRequest(null, Object(Config\Cache), false)
 9 FCPATH\index.php(67): CodeIgniter\CodeIgniter->run()
CRITICAL - 2023-03-10 13:19:47 --> Undefined array key "investid"
in APPPATH\Views\pages\Postpage_view.php on line 17.
 1 APPPATH\Views\pages\Postpage_view.php(17): CodeIgniter\Debug\Exceptions->errorHandler(2, 'Undefined array key "investid"', 'APPPATH\\Views\\pages\\Postpage_view.php', 17)
 2 SYSTEMPATH\View\View.php(213): include('APPPATH\\Views\\pages\\Postpage_view.php')
 3 SYSTEMPATH\View\View.php(216): CodeIgniter\View\View->CodeIgniter\View\{closure}()
 4 SYSTEMPATH\Common.php(1177): CodeIgniter\View\View->render('pages/postpage_view', [], true)
 5 APPPATH\Controllers\Postinvestment.php(9): view('pages/postpage_view')
 6 SYSTEMPATH\CodeIgniter.php(934): App\Controllers\Postinvestment->index()
 7 SYSTEMPATH\CodeIgniter.php(499): CodeIgniter\CodeIgniter->runController(Object(App\Controllers\Postinvestment))
 8 SYSTEMPATH\CodeIgniter.php(368): CodeIgniter\CodeIgniter->handleRequest(null, Object(Config\Cache), false)
 9 FCPATH\index.php(67): CodeIgniter\CodeIgniter->run()
CRITICAL - 2023-03-10 13:20:50 --> Undefined variable $username
in APPPATH\Views\pages\Postpage_view.php on line 22.
 1 APPPATH\Views\pages\Postpage_view.php(22): CodeIgniter\Debug\Exceptions->errorHandler(2, 'Undefined variable $username', 'APPPATH\\Views\\pages\\Postpage_view.php', 22)
 2 SYSTEMPATH\View\View.php(213): include('APPPATH\\Views\\pages\\Postpage_view.php')
 3 SYSTEMPATH\View\View.php(216): CodeIgniter\View\View->CodeIgniter\View\{closure}()
 4 SYSTEMPATH\Common.php(1177): CodeIgniter\View\View->render('pages/postpage_view', [], true)
 5 APPPATH\Controllers\Postinvestment.php(9): view('pages/postpage_view')
 6 SYSTEMPATH\CodeIgniter.php(934): App\Controllers\Postinvestment->index()
 7 SYSTEMPATH\CodeIgniter.php(499): CodeIgniter\CodeIgniter->runController(Object(App\Controllers\Postinvestment))
 8 SYSTEMPATH\CodeIgniter.php(368): CodeIgniter\CodeIgniter->handleRequest(null, Object(Config\Cache), false)
 9 FCPATH\index.php(67): CodeIgniter\CodeIgniter->run()
CRITICAL - 2023-03-10 13:22:11 --> Undefined variable $username
in APPPATH\Views\pages\Postpage_view.php on line 22.
 1 APPPATH\Views\pages\Postpage_view.php(22): CodeIgniter\Debug\Exceptions->errorHandler(2, 'Undefined variable $username', 'APPPATH\\Views\\pages\\Postpage_view.php', 22)
 2 SYSTEMPATH\View\View.php(213): include('APPPATH\\Views\\pages\\Postpage_view.php')
 3 SYSTEMPATH\View\View.php(216): CodeIgniter\View\View->CodeIgniter\View\{closure}()
 4 SYSTEMPATH\Common.php(1177): CodeIgniter\View\View->render('pages/postpage_view', [], true)
 5 APPPATH\Controllers\Postinvestment.php(9): view('pages/postpage_view')
 6 SYSTEMPATH\CodeIgniter.php(934): App\Controllers\Postinvestment->index()
 7 SYSTEMPATH\CodeIgniter.php(499): CodeIgniter\CodeIgniter->runController(Object(App\Controllers\Postinvestment))
 8 SYSTEMPATH\CodeIgniter.php(368): CodeIgniter\CodeIgniter->handleRequest(null, Object(Config\Cache), false)
 9 FCPATH\index.php(67): CodeIgniter\CodeIgniter->run()
CRITICAL - 2023-03-10 13:22:52 --> Undefined variable $username
in APPPATH\Views\pages\Postpage_view.php on line 59.
 1 APPPATH\Views\pages\Postpage_view.php(59): CodeIgniter\Debug\Exceptions->errorHandler(2, 'Undefined variable $username', 'APPPATH\\Views\\pages\\Postpage_view.php', 59)
 2 SYSTEMPATH\View\View.php(213): include('APPPATH\\Views\\pages\\Postpage_view.php')
 3 SYSTEMPATH\View\View.php(216): CodeIgniter\View\View->CodeIgniter\View\{closure}()
 4 SYSTEMPATH\Common.php(1177): CodeIgniter\View\View->render('pages/postpage_view', [], true)
 5 APPPATH\Controllers\Postinvestment.php(9): view('pages/postpage_view')
 6 SYSTEMPATH\CodeIgniter.php(934): App\Controllers\Postinvestment->index()
 7 SYSTEMPATH\CodeIgniter.php(499): CodeIgniter\CodeIgniter->runController(Object(App\Controllers\Postinvestment))
 8 SYSTEMPATH\CodeIgniter.php(368): CodeIgniter\CodeIgniter->handleRequest(null, Object(Config\Cache), false)
 9 FCPATH\index.php(67): CodeIgniter\CodeIgniter->run()
CRITICAL - 2023-03-10 13:23:36 --> Undefined array key "investid"
in APPPATH\Views\pages\Postpage_view.php on line 17.
 1 APPPATH\Views\pages\Postpage_view.php(17): CodeIgniter\Debug\Exceptions->errorHandler(2, 'Undefined array key "investid"', 'APPPATH\\Views\\pages\\Postpage_view.php', 17)
 2 SYSTEMPATH\View\View.php(213): include('APPPATH\\Views\\pages\\Postpage_view.php')
 3 SYSTEMPATH\View\View.php(216): CodeIgniter\View\View->CodeIgniter\View\{closure}()
 4 SYSTEMPATH\Common.php(1177): CodeIgniter\View\View->render('pages/postpage_view', [], true)
 5 APPPATH\Controllers\Postinvestment.php(9): view('pages/postpage_view')
 6 SYSTEMPATH\CodeIgniter.php(934): App\Controllers\Postinvestment->index()
 7 SYSTEMPATH\CodeIgniter.php(499): CodeIgniter\CodeIgniter->runController(Object(App\Controllers\Postinvestment))
 8 SYSTEMPATH\CodeIgniter.php(368): CodeIgniter\CodeIgniter->handleRequest(null, Object(Config\Cache), false)
 9 FCPATH\index.php(67): CodeIgniter\CodeIgniter->run()
ERROR - 2023-03-10 16:48:31 --> mysqli_sql_exception: Unknown column 'postoption' in 'field list' in C:\xampp-8\htdocs\ARU_AWS_Team5\system\Database\MySQLi\Connection.php:295
Stack trace:
#0 C:\xampp-8\htdocs\ARU_AWS_Team5\system\Database\MySQLi\Connection.php(295): mysqli->query('UPDATE `post_ta...', 0)
#1 C:\xampp-8\htdocs\ARU_AWS_Team5\system\Database\BaseConnection.php(691): CodeIgniter\Database\MySQLi\Connection->execute('UPDATE `post_ta...')
#2 C:\xampp-8\htdocs\ARU_AWS_Team5\system\Database\BaseConnection.php(605): CodeIgniter\Database\BaseConnection->simpleQuery('UPDATE `post_ta...')
#3 C:\xampp-8\htdocs\ARU_AWS_Team5\system\Database\BaseBuilder.php(2462): CodeIgniter\Database\BaseConnection->query('UPDATE `post_ta...', Array, false)
#4 C:\xampp-8\htdocs\ARU_AWS_Team5\app\Views\pages\Addpost_view.php(30): CodeIgniter\Database\BaseBuilder->update(Array)
#5 C:\xampp-8\htdocs\ARU_AWS_Team5\system\View\View.php(213): include('C:\\xampp-8\\htdo...')
#6 C:\xampp-8\htdocs\ARU_AWS_Team5\system\View\View.php(216): CodeIgniter\View\View->CodeIgniter\View\{closure}()
#7 C:\xampp-8\htdocs\ARU_AWS_Team5\system\Common.php(1177): CodeIgniter\View\View->render('pages/addpost_v...', Array, true)
#8 C:\xampp-8\htdocs\ARU_AWS_Team5\app\Controllers\Addpost.php(9): view('pages/addpost_v...')
#9 C:\xampp-8\htdocs\ARU_AWS_Team5\system\CodeIgniter.php(934): App\Controllers\Addpost->index()
#10 C:\xampp-8\htdocs\ARU_AWS_Team5\system\CodeIgniter.php(499): CodeIgniter\CodeIgniter->runController(Object(App\Controllers\Addpost))
#11 C:\xampp-8\htdocs\ARU_AWS_Team5\system\CodeIgniter.php(368): CodeIgniter\CodeIgniter->handleRequest(NULL, Object(Config\Cache), false)
#12 C:\xampp-8\htdocs\ARU_AWS_Team5\public\index.php(67): CodeIgniter\CodeIgniter->run()
#13 {main}
CRITICAL - 2023-03-10 16:48:31 --> Unknown column 'postoption' in 'field list'
in SYSTEMPATH\Database\BaseConnection.php on line 645.
 1 SYSTEMPATH\Database\BaseBuilder.php(2462): CodeIgniter\Database\BaseConnection->query('UPDATE `post_table` SET `postoption` = :postoption:
WHERE `investmentid` = :investmentid:', [...], false)
 2 APPPATH\Views\pages\Addpost_view.php(30): CodeIgniter\Database\BaseBuilder->update([...])
 3 SYSTEMPATH\View\View.php(213): include('APPPATH\\Views\\pages\\Addpost_view.php')
 4 SYSTEMPATH\View\View.php(216): CodeIgniter\View\View->CodeIgniter\View\{closure}()
 5 SYSTEMPATH\Common.php(1177): CodeIgniter\View\View->render('pages/addpost_view', [], true)
 6 APPPATH\Controllers\Addpost.php(9): view('pages/addpost_view')
 7 SYSTEMPATH\CodeIgniter.php(934): App\Controllers\Addpost->index()
 8 SYSTEMPATH\CodeIgniter.php(499): CodeIgniter\CodeIgniter->runController(Object(App\Controllers\Addpost))
 9 SYSTEMPATH\CodeIgniter.php(368): CodeIgniter\CodeIgniter->handleRequest(null, Object(Config\Cache), false)
10 FCPATH\index.php(67): CodeIgniter\CodeIgniter->run()
ERROR - 2023-03-10 16:48:58 --> mysqli_sql_exception: Unknown column 'postoption' in 'field list' in C:\xampp-8\htdocs\ARU_AWS_Team5\system\Database\MySQLi\Connection.php:295
Stack trace:
#0 C:\xampp-8\htdocs\ARU_AWS_Team5\system\Database\MySQLi\Connection.php(295): mysqli->query('UPDATE `post_ta...', 0)
#1 C:\xampp-8\htdocs\ARU_AWS_Team5\system\Database\BaseConnection.php(691): CodeIgniter\Database\MySQLi\Connection->execute('UPDATE `post_ta...')
#2 C:\xampp-8\htdocs\ARU_AWS_Team5\system\Database\BaseConnection.php(605): CodeIgniter\Database\BaseConnection->simpleQuery('UPDATE `post_ta...')
#3 C:\xampp-8\htdocs\ARU_AWS_Team5\system\Database\BaseBuilder.php(2462): CodeIgniter\Database\BaseConnection->query('UPDATE `post_ta...', Array, false)
#4 C:\xampp-8\htdocs\ARU_AWS_Team5\app\Views\pages\Addpost_view.php(30): CodeIgniter\Database\BaseBuilder->update(Array)
#5 C:\xampp-8\htdocs\ARU_AWS_Team5\system\View\View.php(213): include('C:\\xampp-8\\htdo...')
#6 C:\xampp-8\htdocs\ARU_AWS_Team5\system\View\View.php(216): CodeIgniter\View\View->CodeIgniter\View\{closure}()
#7 C:\xampp-8\htdocs\ARU_AWS_Team5\system\Common.php(1177): CodeIgniter\View\View->render('pages/addpost_v...', Array, true)
#8 C:\xampp-8\htdocs\ARU_AWS_Team5\app\Controllers\Addpost.php(9): view('pages/addpost_v...')
#9 C:\xampp-8\htdocs\ARU_AWS_Team5\system\CodeIgniter.php(934): App\Controllers\Addpost->index()
#10 C:\xampp-8\htdocs\ARU_AWS_Team5\system\CodeIgniter.php(499): CodeIgniter\CodeIgniter->runController(Object(App\Controllers\Addpost))
#11 C:\xampp-8\htdocs\ARU_AWS_Team5\system\CodeIgniter.php(368): CodeIgniter\CodeIgniter->handleRequest(NULL, Object(Config\Cache), false)
#12 C:\xampp-8\htdocs\ARU_AWS_Team5\public\index.php(67): CodeIgniter\CodeIgniter->run()
#13 {main}
CRITICAL - 2023-03-10 16:48:58 --> Unknown column 'postoption' in 'field list'
in SYSTEMPATH\Database\BaseConnection.php on line 645.
 1 SYSTEMPATH\Database\BaseBuilder.php(2462): CodeIgniter\Database\BaseConnection->query('UPDATE `post_table` SET `postoption` = :postoption:
WHERE `investmentid` = :investmentid:', [...], false)
 2 APPPATH\Views\pages\Addpost_view.php(30): CodeIgniter\Database\BaseBuilder->update([...])
 3 SYSTEMPATH\View\View.php(213): include('APPPATH\\Views\\pages\\Addpost_view.php')
 4 SYSTEMPATH\View\View.php(216): CodeIgniter\View\View->CodeIgniter\View\{closure}()
 5 SYSTEMPATH\Common.php(1177): CodeIgniter\View\View->render('pages/addpost_view', [], true)
 6 APPPATH\Controllers\Addpost.php(9): view('pages/addpost_view')
 7 SYSTEMPATH\CodeIgniter.php(934): App\Controllers\Addpost->index()
 8 SYSTEMPATH\CodeIgniter.php(499): CodeIgniter\CodeIgniter->runController(Object(App\Controllers\Addpost))
 9 SYSTEMPATH\CodeIgniter.php(368): CodeIgniter\CodeIgniter->handleRequest(null, Object(Config\Cache), false)
10 FCPATH\index.php(67): CodeIgniter\CodeIgniter->run()
ERROR - 2023-03-10 16:50:58 --> mysqli_sql_exception: Unknown column 'postoption' in 'field list' in C:\xampp-8\htdocs\ARU_AWS_Team5\system\Database\MySQLi\Connection.php:295
Stack trace:
#0 C:\xampp-8\htdocs\ARU_AWS_Team5\system\Database\MySQLi\Connection.php(295): mysqli->query('UPDATE `post_ta...', 0)
#1 C:\xampp-8\htdocs\ARU_AWS_Team5\system\Database\BaseConnection.php(691): CodeIgniter\Database\MySQLi\Connection->execute('UPDATE `post_ta...')
#2 C:\xampp-8\htdocs\ARU_AWS_Team5\system\Database\BaseConnection.php(605): CodeIgniter\Database\BaseConnection->simpleQuery('UPDATE `post_ta...')
#3 C:\xampp-8\htdocs\ARU_AWS_Team5\system\Database\BaseBuilder.php(2462): CodeIgniter\Database\BaseConnection->query('UPDATE `post_ta...', Array, false)
#4 C:\xampp-8\htdocs\ARU_AWS_Team5\app\Views\pages\Addpost_view.php(30): CodeIgniter\Database\BaseBuilder->update(Array)
#5 C:\xampp-8\htdocs\ARU_AWS_Team5\system\View\View.php(213): include('C:\\xampp-8\\htdo...')
#6 C:\xampp-8\htdocs\ARU_AWS_Team5\system\View\View.php(216): CodeIgniter\View\View->CodeIgniter\View\{closure}()
#7 C:\xampp-8\htdocs\ARU_AWS_Team5\system\Common.php(1177): CodeIgniter\View\View->render('pages/addpost_v...', Array, true)
#8 C:\xampp-8\htdocs\ARU_AWS_Team5\app\Controllers\Addpost.php(9): view('pages/addpost_v...')
#9 C:\xampp-8\htdocs\ARU_AWS_Team5\system\CodeIgniter.php(934): App\Controllers\Addpost->index()
#10 C:\xampp-8\htdocs\ARU_AWS_Team5\system\CodeIgniter.php(499): CodeIgniter\CodeIgniter->runController(Object(App\Controllers\Addpost))
#11 C:\xampp-8\htdocs\ARU_AWS_Team5\system\CodeIgniter.php(368): CodeIgniter\CodeIgniter->handleRequest(NULL, Object(Config\Cache), false)
#12 C:\xampp-8\htdocs\ARU_AWS_Team5\public\index.php(67): CodeIgniter\CodeIgniter->run()
#13 {main}
CRITICAL - 2023-03-10 16:50:58 --> Unknown column 'postoption' in 'field list'
in SYSTEMPATH\Database\BaseConnection.php on line 645.
 1 SYSTEMPATH\Database\BaseBuilder.php(2462): CodeIgniter\Database\BaseConnection->query('UPDATE `post_table` SET `postoption` = :postoption:
WHERE `investmentid` = :investmentid:', [...], false)
 2 APPPATH\Views\pages\Addpost_view.php(30): CodeIgniter\Database\BaseBuilder->update([...])
 3 SYSTEMPATH\View\View.php(213): include('APPPATH\\Views\\pages\\Addpost_view.php')
 4 SYSTEMPATH\View\View.php(216): CodeIgniter\View\View->CodeIgniter\View\{closure}()
 5 SYSTEMPATH\Common.php(1177): CodeIgniter\View\View->render('pages/addpost_view', [], true)
 6 APPPATH\Controllers\Addpost.php(9): view('pages/addpost_view')
 7 SYSTEMPATH\CodeIgniter.php(934): App\Controllers\Addpost->index()
 8 SYSTEMPATH\CodeIgniter.php(499): CodeIgniter\CodeIgniter->runController(Object(App\Controllers\Addpost))
 9 SYSTEMPATH\CodeIgniter.php(368): CodeIgniter\CodeIgniter->handleRequest(null, Object(Config\Cache), false)
10 FCPATH\index.php(67): CodeIgniter\CodeIgniter->run()
ERROR - 2023-03-10 16:51:38 --> mysqli_sql_exception: Unknown column 'postoption' in 'field list' in C:\xampp-8\htdocs\ARU_AWS_Team5\system\Database\MySQLi\Connection.php:295
Stack trace:
#0 C:\xampp-8\htdocs\ARU_AWS_Team5\system\Database\MySQLi\Connection.php(295): mysqli->query('UPDATE `post_ta...', 0)
#1 C:\xampp-8\htdocs\ARU_AWS_Team5\system\Database\BaseConnection.php(691): CodeIgniter\Database\MySQLi\Connection->execute('UPDATE `post_ta...')
#2 C:\xampp-8\htdocs\ARU_AWS_Team5\system\Database\BaseConnection.php(605): CodeIgniter\Database\BaseConnection->simpleQuery('UPDATE `post_ta...')
#3 C:\xampp-8\htdocs\ARU_AWS_Team5\system\Database\BaseBuilder.php(2462): CodeIgniter\Database\BaseConnection->query('UPDATE `post_ta...', Array, false)
#4 C:\xampp-8\htdocs\ARU_AWS_Team5\app\Views\pages\Addpost_view.php(30): CodeIgniter\Database\BaseBuilder->update(Array)
#5 C:\xampp-8\htdocs\ARU_AWS_Team5\system\View\View.php(213): include('C:\\xampp-8\\htdo...')
#6 C:\xampp-8\htdocs\ARU_AWS_Team5\system\View\View.php(216): CodeIgniter\View\View->CodeIgniter\View\{closure}()
#7 C:\xampp-8\htdocs\ARU_AWS_Team5\system\Common.php(1177): CodeIgniter\View\View->render('pages/addpost_v...', Array, true)
#8 C:\xampp-8\htdocs\ARU_AWS_Team5\app\Controllers\Addpost.php(9): view('pages/addpost_v...')
#9 C:\xampp-8\htdocs\ARU_AWS_Team5\system\CodeIgniter.php(934): App\Controllers\Addpost->index()
#10 C:\xampp-8\htdocs\ARU_AWS_Team5\system\CodeIgniter.php(499): CodeIgniter\CodeIgniter->runController(Object(App\Controllers\Addpost))
#11 C:\xampp-8\htdocs\ARU_AWS_Team5\system\CodeIgniter.php(368): CodeIgniter\CodeIgniter->handleRequest(NULL, Object(Config\Cache), false)
#12 C:\xampp-8\htdocs\ARU_AWS_Team5\public\index.php(67): CodeIgniter\CodeIgniter->run()
#13 {main}
CRITICAL - 2023-03-10 16:51:38 --> Unknown column 'postoption' in 'field list'
in SYSTEMPATH\Database\BaseConnection.php on line 645.
 1 SYSTEMPATH\Database\BaseBuilder.php(2462): CodeIgniter\Database\BaseConnection->query('UPDATE `post_table` SET `postoption` = :postoption:
WHERE `investmentid` = :investmentid:', [...], false)
 2 APPPATH\Views\pages\Addpost_view.php(30): CodeIgniter\Database\BaseBuilder->update([...])
 3 SYSTEMPATH\View\View.php(213): include('APPPATH\\Views\\pages\\Addpost_view.php')
 4 SYSTEMPATH\View\View.php(216): CodeIgniter\View\View->CodeIgniter\View\{closure}()
 5 SYSTEMPATH\Common.php(1177): CodeIgniter\View\View->render('pages/addpost_view', [], true)
 6 APPPATH\Controllers\Addpost.php(9): view('pages/addpost_view')
 7 SYSTEMPATH\CodeIgniter.php(934): App\Controllers\Addpost->index()
 8 SYSTEMPATH\CodeIgniter.php(499): CodeIgniter\CodeIgniter->runController(Object(App\Controllers\Addpost))
 9 SYSTEMPATH\CodeIgniter.php(368): CodeIgniter\CodeIgniter->handleRequest(null, Object(Config\Cache), false)
10 FCPATH\index.php(67): CodeIgniter\CodeIgniter->run()
ERROR - 2023-03-10 16:52:14 --> mysqli_sql_exception: Unknown column 'postoption' in 'field list' in C:\xampp-8\htdocs\ARU_AWS_Team5\system\Database\MySQLi\Connection.php:295
Stack trace:
#0 C:\xampp-8\htdocs\ARU_AWS_Team5\system\Database\MySQLi\Connection.php(295): mysqli->query('UPDATE `post_ta...', 0)
#1 C:\xampp-8\htdocs\ARU_AWS_Team5\system\Database\BaseConnection.php(691): CodeIgniter\Database\MySQLi\Connection->execute('UPDATE `post_ta...')
#2 C:\xampp-8\htdocs\ARU_AWS_Team5\system\Database\BaseConnection.php(605): CodeIgniter\Database\BaseConnection->simpleQuery('UPDATE `post_ta...')
#3 C:\xampp-8\htdocs\ARU_AWS_Team5\system\Database\BaseBuilder.php(2462): CodeIgniter\Database\BaseConnection->query('UPDATE `post_ta...', Array, false)
#4 C:\xampp-8\htdocs\ARU_AWS_Team5\app\Views\pages\Addpost_view.php(30): CodeIgniter\Database\BaseBuilder->update(Array)
#5 C:\xampp-8\htdocs\ARU_AWS_Team5\system\View\View.php(213): include('C:\\xampp-8\\htdo...')
#6 C:\xampp-8\htdocs\ARU_AWS_Team5\system\View\View.php(216): CodeIgniter\View\View->CodeIgniter\View\{closure}()
#7 C:\xampp-8\htdocs\ARU_AWS_Team5\system\Common.php(1177): CodeIgniter\View\View->render('pages/addpost_v...', Array, true)
#8 C:\xampp-8\htdocs\ARU_AWS_Team5\app\Controllers\Addpost.php(9): view('pages/addpost_v...')
#9 C:\xampp-8\htdocs\ARU_AWS_Team5\system\CodeIgniter.php(934): App\Controllers\Addpost->index()
#10 C:\xampp-8\htdocs\ARU_AWS_Team5\system\CodeIgniter.php(499): CodeIgniter\CodeIgniter->runController(Object(App\Controllers\Addpost))
#11 C:\xampp-8\htdocs\ARU_AWS_Team5\system\CodeIgniter.php(368): CodeIgniter\CodeIgniter->handleRequest(NULL, Object(Config\Cache), false)
#12 C:\xampp-8\htdocs\ARU_AWS_Team5\public\index.php(67): CodeIgniter\CodeIgniter->run()
#13 {main}
CRITICAL - 2023-03-10 16:52:14 --> Unknown column 'postoption' in 'field list'
in SYSTEMPATH\Database\BaseConnection.php on line 645.
 1 SYSTEMPATH\Database\BaseBuilder.php(2462): CodeIgniter\Database\BaseConnection->query('UPDATE `post_table` SET `postoption` = :postoption:
WHERE `investmentid` = :investmentid:', [...], false)
 2 APPPATH\Views\pages\Addpost_view.php(30): CodeIgniter\Database\BaseBuilder->update([...])
 3 SYSTEMPATH\View\View.php(213): include('APPPATH\\Views\\pages\\Addpost_view.php')
 4 SYSTEMPATH\View\View.php(216): CodeIgniter\View\View->CodeIgniter\View\{closure}()
 5 SYSTEMPATH\Common.php(1177): CodeIgniter\View\View->render('pages/addpost_view', [], true)
 6 APPPATH\Controllers\Addpost.php(9): view('pages/addpost_view')
 7 SYSTEMPATH\CodeIgniter.php(934): App\Controllers\Addpost->index()
 8 SYSTEMPATH\CodeIgniter.php(499): CodeIgniter\CodeIgniter->runController(Object(App\Controllers\Addpost))
 9 SYSTEMPATH\CodeIgniter.php(368): CodeIgniter\CodeIgniter->handleRequest(null, Object(Config\Cache), false)
10 FCPATH\index.php(67): CodeIgniter\CodeIgniter->run()
