ERROR - 2023-02-14 11:32:59 --> Error connecting to the database: mysqli_sql_exception: Access denied for user 'root'@'localhost' (using password: YES) in C:\xampp-8\htdocs\ARU_AWS_Team5\system\Database\MySQLi\Connection.php:173
Stack trace:
#0 C:\xampp-8\htdocs\ARU_AWS_Team5\system\Database\MySQLi\Connection.php(173): mysqli->real_connect('localhost', 'root', Object(SensitiveParameterValue), 'aws_db', 3306, '', 0)
#1 C:\xampp-8\htdocs\ARU_AWS_Team5\system\Database\BaseConnection.php(391): CodeIgniter\Database\MySQLi\Connection->connect(false)
#2 C:\xampp-8\htdocs\ARU_AWS_Team5\system\Database\BaseConnection.php(688): CodeIgniter\Database\BaseConnection->initialize()
#3 C:\xampp-8\htdocs\ARU_AWS_Team5\app\Views\pages\Login_view.php(4): CodeIgniter\Database\BaseConnection->simpleQuery('SELECT * FROM u...')
#4 C:\xampp-8\htdocs\ARU_AWS_Team5\system\View\View.php(213): include('C:\\xampp-8\\htdo...')
#5 C:\xampp-8\htdocs\ARU_AWS_Team5\system\View\View.php(216): CodeIgniter\View\View->CodeIgniter\View\{closure}()
#6 C:\xampp-8\htdocs\ARU_AWS_Team5\system\Common.php(1177): CodeIgniter\View\View->render('pages/login_vie...', Array, true)
#7 C:\xampp-8\htdocs\ARU_AWS_Team5\app\Controllers\Home.php(9): view('pages/login_vie...')
#8 C:\xampp-8\htdocs\ARU_AWS_Team5\system\CodeIgniter.php(934): App\Controllers\Home->index()
#9 C:\xampp-8\htdocs\ARU_AWS_Team5\system\CodeIgniter.php(499): CodeIgniter\CodeIgniter->runController(Object(App\Controllers\Home))
#10 C:\xampp-8\htdocs\ARU_AWS_Team5\system\CodeIgniter.php(368): CodeIgniter\CodeIgniter->handleRequest(NULL, Object(Config\Cache), false)
#11 C:\xampp-8\htdocs\ARU_AWS_Team5\public\index.php(67): CodeIgniter\CodeIgniter->run()
#12 {main}

Next CodeIgniter\Database\Exceptions\DatabaseException: Access denied for user '****'@'localhost' (using password: YES) in C:\xampp-8\htdocs\ARU_AWS_Team5\system\Database\MySQLi\Connection.php:218
Stack trace:
#0 C:\xampp-8\htdocs\ARU_AWS_Team5\system\Database\BaseConnection.php(391): CodeIgniter\Database\MySQLi\Connection->connect(false)
#1 C:\xampp-8\htdocs\ARU_AWS_Team5\system\Database\BaseConnection.php(688): CodeIgniter\Database\BaseConnection->initialize()
#2 C:\xampp-8\htdocs\ARU_AWS_Team5\app\Views\pages\Login_view.php(4): CodeIgniter\Database\BaseConnection->simpleQuery('SELECT * FROM u...')
#3 C:\xampp-8\htdocs\ARU_AWS_Team5\system\View\View.php(213): include('C:\\xampp-8\\htdo...')
#4 C:\xampp-8\htdocs\ARU_AWS_Team5\system\View\View.php(216): CodeIgniter\View\View->CodeIgniter\View\{closure}()
#5 C:\xampp-8\htdocs\ARU_AWS_Team5\system\Common.php(1177): CodeIgniter\View\View->render('pages/login_vie...', Array, true)
#6 C:\xampp-8\htdocs\ARU_AWS_Team5\app\Controllers\Home.php(9): view('pages/login_vie...')
#7 C:\xampp-8\htdocs\ARU_AWS_Team5\system\CodeIgniter.php(934): App\Controllers\Home->index()
#8 C:\xampp-8\htdocs\ARU_AWS_Team5\system\CodeIgniter.php(499): CodeIgniter\CodeIgniter->runController(Object(App\Controllers\Home))
#9 C:\xampp-8\htdocs\ARU_AWS_Team5\system\CodeIgniter.php(368): CodeIgniter\CodeIgniter->handleRequest(NULL, Object(Config\Cache), false)
#10 C:\xampp-8\htdocs\ARU_AWS_Team5\public\index.php(67): CodeIgniter\CodeIgniter->run()
#11 {main}
CRITICAL - 2023-02-14 11:32:59 --> Unable to connect to the database.
Main connection [MySQLi]: Access denied for user '****'@'localhost' (using password: YES)
in SYSTEMPATH\Database\BaseConnection.php on line 427.
 1 SYSTEMPATH\Database\BaseConnection.php(688): CodeIgniter\Database\BaseConnection->initialize()
 2 APPPATH\Views\pages\Login_view.php(4): CodeIgniter\Database\BaseConnection->simpleQuery('SELECT * FROM usertable')
 3 SYSTEMPATH\View\View.php(213): include('APPPATH\\Views\\pages\\Login_view.php')
 4 SYSTEMPATH\View\View.php(216): CodeIgniter\View\View->CodeIgniter\View\{closure}()
 5 SYSTEMPATH\Common.php(1177): CodeIgniter\View\View->render('pages/login_view', [], true)
 6 APPPATH\Controllers\Home.php(9): view('pages/login_view')
 7 SYSTEMPATH\CodeIgniter.php(934): App\Controllers\Home->index()
 8 SYSTEMPATH\CodeIgniter.php(499): CodeIgniter\CodeIgniter->runController(Object(App\Controllers\Home))
 9 SYSTEMPATH\CodeIgniter.php(368): CodeIgniter\CodeIgniter->handleRequest(null, Object(Config\Cache), false)
10 FCPATH\index.php(67): CodeIgniter\CodeIgniter->run()
ERROR - 2023-02-14 11:44:25 --> mysqli_sql_exception: You have an error in your SQL syntax; check the manual that corresponds to your MariaDB server version for the right syntax to use near 'YOUR QUERY HERE' at line 1 in C:\xampp-8\htdocs\ARU_AWS_Team5\system\Database\MySQLi\Connection.php:295
Stack trace:
#0 C:\xampp-8\htdocs\ARU_AWS_Team5\system\Database\MySQLi\Connection.php(295): mysqli->query('YOUR QUERY HERE', 0)
#1 C:\xampp-8\htdocs\ARU_AWS_Team5\system\Database\BaseConnection.php(691): CodeIgniter\Database\MySQLi\Connection->execute('YOUR QUERY HERE')
#2 C:\xampp-8\htdocs\ARU_AWS_Team5\system\Database\BaseConnection.php(605): CodeIgniter\Database\BaseConnection->simpleQuery('YOUR QUERY HERE')
#3 C:\xampp-8\htdocs\ARU_AWS_Team5\app\Views\pages\Login_view.php(4): CodeIgniter\Database\BaseConnection->query('YOUR QUERY HERE')
#4 C:\xampp-8\htdocs\ARU_AWS_Team5\system\View\View.php(213): include('C:\\xampp-8\\htdo...')
#5 C:\xampp-8\htdocs\ARU_AWS_Team5\system\View\View.php(216): CodeIgniter\View\View->CodeIgniter\View\{closure}()
#6 C:\xampp-8\htdocs\ARU_AWS_Team5\system\Common.php(1177): CodeIgniter\View\View->render('pages/login_vie...', Array, true)
#7 C:\xampp-8\htdocs\ARU_AWS_Team5\app\Controllers\Home.php(9): view('pages/login_vie...')
#8 C:\xampp-8\htdocs\ARU_AWS_Team5\system\CodeIgniter.php(934): App\Controllers\Home->index()
#9 C:\xampp-8\htdocs\ARU_AWS_Team5\system\CodeIgniter.php(499): CodeIgniter\CodeIgniter->runController(Object(App\Controllers\Home))
#10 C:\xampp-8\htdocs\ARU_AWS_Team5\system\CodeIgniter.php(368): CodeIgniter\CodeIgniter->handleRequest(NULL, Object(Config\Cache), false)
#11 C:\xampp-8\htdocs\ARU_AWS_Team5\public\index.php(67): CodeIgniter\CodeIgniter->run()
#12 {main}
CRITICAL - 2023-02-14 11:44:25 --> You have an error in your SQL syntax; check the manual that corresponds to your MariaDB server version for the right syntax to use near 'YOUR QUERY HERE' at line 1
in SYSTEMPATH\Database\BaseConnection.php on line 645.
 1 APPPATH\Views\pages\Login_view.php(4): CodeIgniter\Database\BaseConnection->query('YOUR QUERY HERE')
 2 SYSTEMPATH\View\View.php(213): include('APPPATH\\Views\\pages\\Login_view.php')
 3 SYSTEMPATH\View\View.php(216): CodeIgniter\View\View->CodeIgniter\View\{closure}()
 4 SYSTEMPATH\Common.php(1177): CodeIgniter\View\View->render('pages/login_view', [], true)
 5 APPPATH\Controllers\Home.php(9): view('pages/login_view')
 6 SYSTEMPATH\CodeIgniter.php(934): App\Controllers\Home->index()
 7 SYSTEMPATH\CodeIgniter.php(499): CodeIgniter\CodeIgniter->runController(Object(App\Controllers\Home))
 8 SYSTEMPATH\CodeIgniter.php(368): CodeIgniter\CodeIgniter->handleRequest(null, Object(Config\Cache), false)
 9 FCPATH\index.php(67): CodeIgniter\CodeIgniter->run()
CRITICAL - 2023-02-14 11:45:21 --> Object of class CodeIgniter\Database\MySQLi\Result could not be converted to string
in APPPATH\Views\pages\Login_view.php on line 5.
 1 SYSTEMPATH\View\View.php(213): include()
 2 SYSTEMPATH\View\View.php(216): CodeIgniter\View\View->CodeIgniter\View\{closure}()
 3 SYSTEMPATH\Common.php(1177): CodeIgniter\View\View->render('pages/login_view', [], true)
 4 APPPATH\Controllers\Home.php(9): view('pages/login_view')
 5 SYSTEMPATH\CodeIgniter.php(934): App\Controllers\Home->index()
 6 SYSTEMPATH\CodeIgniter.php(499): CodeIgniter\CodeIgniter->runController(Object(App\Controllers\Home))
 7 SYSTEMPATH\CodeIgniter.php(368): CodeIgniter\CodeIgniter->handleRequest(null, Object(Config\Cache), false)
 8 FCPATH\index.php(67): CodeIgniter\CodeIgniter->run()
CRITICAL - 2023-02-14 11:46:31 --> Undefined property: stdClass::$username
in APPPATH\Views\pages\Login_view.php on line 7.
 1 APPPATH\Views\pages\Login_view.php(7): CodeIgniter\Debug\Exceptions->errorHandler(2, 'Undefined property: stdClass::$username', 'APPPATH\\Views\\pages\\Login_view.php', 7)
 2 SYSTEMPATH\View\View.php(213): include('APPPATH\\Views\\pages\\Login_view.php')
 3 SYSTEMPATH\View\View.php(216): CodeIgniter\View\View->CodeIgniter\View\{closure}()
 4 SYSTEMPATH\Common.php(1177): CodeIgniter\View\View->render('pages/login_view', [], true)
 5 APPPATH\Controllers\Home.php(9): view('pages/login_view')
 6 SYSTEMPATH\CodeIgniter.php(934): App\Controllers\Home->index()
 7 SYSTEMPATH\CodeIgniter.php(499): CodeIgniter\CodeIgniter->runController(Object(App\Controllers\Home))
 8 SYSTEMPATH\CodeIgniter.php(368): CodeIgniter\CodeIgniter->handleRequest(null, Object(Config\Cache), false)
 9 FCPATH\index.php(67): CodeIgniter\CodeIgniter->run()
CRITICAL - 2023-02-14 12:10:01 --> Unsupported operand types: string + string
in APPPATH\Views\pages\Authenticate_view.php on line 3.
 1 SYSTEMPATH\View\View.php(213): include()
 2 SYSTEMPATH\View\View.php(216): CodeIgniter\View\View->CodeIgniter\View\{closure}()
 3 SYSTEMPATH\Common.php(1177): CodeIgniter\View\View->render('pages/authenticate_view', [], true)
 4 APPPATH\Controllers\Authenticate.php(9): view('pages/authenticate_view')
 5 SYSTEMPATH\CodeIgniter.php(934): App\Controllers\Authenticate->index()
 6 SYSTEMPATH\CodeIgniter.php(499): CodeIgniter\CodeIgniter->runController(Object(App\Controllers\Authenticate))
 7 SYSTEMPATH\CodeIgniter.php(368): CodeIgniter\CodeIgniter->handleRequest(null, Object(Config\Cache), false)
 8 FCPATH\index.php(67): CodeIgniter\CodeIgniter->run()
ERROR - 2023-02-14 12:13:21 --> mysqli_sql_exception: You have an error in your SQL syntax; check the manual that corresponds to your MariaDB server version for the right syntax to use near '["username"]}' at line 1 in C:\xampp-8\htdocs\ARU_AWS_Team5\system\Database\MySQLi\Connection.php:295
Stack trace:
#0 C:\xampp-8\htdocs\ARU_AWS_Team5\system\Database\MySQLi\Connection.php(295): mysqli->query('select username...', 0)
#1 C:\xampp-8\htdocs\ARU_AWS_Team5\system\Database\BaseConnection.php(691): CodeIgniter\Database\MySQLi\Connection->execute('select username...')
#2 C:\xampp-8\htdocs\ARU_AWS_Team5\system\Database\BaseConnection.php(605): CodeIgniter\Database\BaseConnection->simpleQuery('select username...')
#3 C:\xampp-8\htdocs\ARU_AWS_Team5\app\Views\pages\Authenticate_view.php(3): CodeIgniter\Database\BaseConnection->query('select username...')
#4 C:\xampp-8\htdocs\ARU_AWS_Team5\system\View\View.php(213): include('C:\\xampp-8\\htdo...')
#5 C:\xampp-8\htdocs\ARU_AWS_Team5\system\View\View.php(216): CodeIgniter\View\View->CodeIgniter\View\{closure}()
#6 C:\xampp-8\htdocs\ARU_AWS_Team5\system\Common.php(1177): CodeIgniter\View\View->render('pages/authentic...', Array, true)
#7 C:\xampp-8\htdocs\ARU_AWS_Team5\app\Controllers\Authenticate.php(9): view('pages/authentic...')
#8 C:\xampp-8\htdocs\ARU_AWS_Team5\system\CodeIgniter.php(934): App\Controllers\Authenticate->index()
#9 C:\xampp-8\htdocs\ARU_AWS_Team5\system\CodeIgniter.php(499): CodeIgniter\CodeIgniter->runController(Object(App\Controllers\Authenticate))
#10 C:\xampp-8\htdocs\ARU_AWS_Team5\system\CodeIgniter.php(368): CodeIgniter\CodeIgniter->handleRequest(NULL, Object(Config\Cache), false)
#11 C:\xampp-8\htdocs\ARU_AWS_Team5\public\index.php(67): CodeIgniter\CodeIgniter->run()
#12 {main}
CRITICAL - 2023-02-14 12:13:21 --> You have an error in your SQL syntax; check the manual that corresponds to your MariaDB server version for the right syntax to use near '["username"]}' at line 1
in SYSTEMPATH\Database\BaseConnection.php on line 645.
 1 APPPATH\Views\pages\Authenticate_view.php(3): CodeIgniter\Database\BaseConnection->query('select username from usertable where username = {$_GET["username"]} ')
 2 SYSTEMPATH\View\View.php(213): include('APPPATH\\Views\\pages\\Authenticate_view.php')
 3 SYSTEMPATH\View\View.php(216): CodeIgniter\View\View->CodeIgniter\View\{closure}()
 4 SYSTEMPATH\Common.php(1177): CodeIgniter\View\View->render('pages/authenticate_view', [], true)
 5 APPPATH\Controllers\Authenticate.php(9): view('pages/authenticate_view')
 6 SYSTEMPATH\CodeIgniter.php(934): App\Controllers\Authenticate->index()
 7 SYSTEMPATH\CodeIgniter.php(499): CodeIgniter\CodeIgniter->runController(Object(App\Controllers\Authenticate))
 8 SYSTEMPATH\CodeIgniter.php(368): CodeIgniter\CodeIgniter->handleRequest(null, Object(Config\Cache), false)
 9 FCPATH\index.php(67): CodeIgniter\CodeIgniter->run()
ERROR - 2023-02-14 12:13:47 --> mysqli_sql_exception: You have an error in your SQL syntax; check the manual that corresponds to your MariaDB server version for the right syntax to use near '["username"]}' at line 1 in C:\xampp-8\htdocs\ARU_AWS_Team5\system\Database\MySQLi\Connection.php:295
Stack trace:
#0 C:\xampp-8\htdocs\ARU_AWS_Team5\system\Database\MySQLi\Connection.php(295): mysqli->query('select username...', 0)
#1 C:\xampp-8\htdocs\ARU_AWS_Team5\system\Database\BaseConnection.php(691): CodeIgniter\Database\MySQLi\Connection->execute('select username...')
#2 C:\xampp-8\htdocs\ARU_AWS_Team5\system\Database\BaseConnection.php(605): CodeIgniter\Database\BaseConnection->simpleQuery('select username...')
#3 C:\xampp-8\htdocs\ARU_AWS_Team5\app\Views\pages\Authenticate_view.php(3): CodeIgniter\Database\BaseConnection->query('select username...')
#4 C:\xampp-8\htdocs\ARU_AWS_Team5\system\View\View.php(213): include('C:\\xampp-8\\htdo...')
#5 C:\xampp-8\htdocs\ARU_AWS_Team5\system\View\View.php(216): CodeIgniter\View\View->CodeIgniter\View\{closure}()
#6 C:\xampp-8\htdocs\ARU_AWS_Team5\system\Common.php(1177): CodeIgniter\View\View->render('pages/authentic...', Array, true)
#7 C:\xampp-8\htdocs\ARU_AWS_Team5\app\Controllers\Authenticate.php(9): view('pages/authentic...')
#8 C:\xampp-8\htdocs\ARU_AWS_Team5\system\CodeIgniter.php(934): App\Controllers\Authenticate->index()
#9 C:\xampp-8\htdocs\ARU_AWS_Team5\system\CodeIgniter.php(499): CodeIgniter\CodeIgniter->runController(Object(App\Controllers\Authenticate))
#10 C:\xampp-8\htdocs\ARU_AWS_Team5\system\CodeIgniter.php(368): CodeIgniter\CodeIgniter->handleRequest(NULL, Object(Config\Cache), false)
#11 C:\xampp-8\htdocs\ARU_AWS_Team5\public\index.php(67): CodeIgniter\CodeIgniter->run()
#12 {main}
CRITICAL - 2023-02-14 12:13:47 --> You have an error in your SQL syntax; check the manual that corresponds to your MariaDB server version for the right syntax to use near '["username"]}' at line 1
in SYSTEMPATH\Database\BaseConnection.php on line 645.
 1 APPPATH\Views\pages\Authenticate_view.php(3): CodeIgniter\Database\BaseConnection->query('select username from usertable where username = {$_GET["username"]} ')
 2 SYSTEMPATH\View\View.php(213): include('APPPATH\\Views\\pages\\Authenticate_view.php')
 3 SYSTEMPATH\View\View.php(216): CodeIgniter\View\View->CodeIgniter\View\{closure}()
 4 SYSTEMPATH\Common.php(1177): CodeIgniter\View\View->render('pages/authenticate_view', [], true)
 5 APPPATH\Controllers\Authenticate.php(9): view('pages/authenticate_view')
 6 SYSTEMPATH\CodeIgniter.php(934): App\Controllers\Authenticate->index()
 7 SYSTEMPATH\CodeIgniter.php(499): CodeIgniter\CodeIgniter->runController(Object(App\Controllers\Authenticate))
 8 SYSTEMPATH\CodeIgniter.php(368): CodeIgniter\CodeIgniter->handleRequest(null, Object(Config\Cache), false)
 9 FCPATH\index.php(67): CodeIgniter\CodeIgniter->run()
ERROR - 2023-02-14 12:15:07 --> mysqli_sql_exception: You have an error in your SQL syntax; check the manual that corresponds to your MariaDB server version for the right syntax to use near '}' at line 1 in C:\xampp-8\htdocs\ARU_AWS_Team5\system\Database\MySQLi\Connection.php:295
Stack trace:
#0 C:\xampp-8\htdocs\ARU_AWS_Team5\system\Database\MySQLi\Connection.php(295): mysqli->query('select username...', 0)
#1 C:\xampp-8\htdocs\ARU_AWS_Team5\system\Database\BaseConnection.php(691): CodeIgniter\Database\MySQLi\Connection->execute('select username...')
#2 C:\xampp-8\htdocs\ARU_AWS_Team5\system\Database\BaseConnection.php(605): CodeIgniter\Database\BaseConnection->simpleQuery('select username...')
#3 C:\xampp-8\htdocs\ARU_AWS_Team5\app\Views\pages\Authenticate_view.php(4): CodeIgniter\Database\BaseConnection->query('select username...')
#4 C:\xampp-8\htdocs\ARU_AWS_Team5\system\View\View.php(213): include('C:\\xampp-8\\htdo...')
#5 C:\xampp-8\htdocs\ARU_AWS_Team5\system\View\View.php(216): CodeIgniter\View\View->CodeIgniter\View\{closure}()
#6 C:\xampp-8\htdocs\ARU_AWS_Team5\system\Common.php(1177): CodeIgniter\View\View->render('pages/authentic...', Array, true)
#7 C:\xampp-8\htdocs\ARU_AWS_Team5\app\Controllers\Authenticate.php(9): view('pages/authentic...')
#8 C:\xampp-8\htdocs\ARU_AWS_Team5\system\CodeIgniter.php(934): App\Controllers\Authenticate->index()
#9 C:\xampp-8\htdocs\ARU_AWS_Team5\system\CodeIgniter.php(499): CodeIgniter\CodeIgniter->runController(Object(App\Controllers\Authenticate))
#10 C:\xampp-8\htdocs\ARU_AWS_Team5\system\CodeIgniter.php(368): CodeIgniter\CodeIgniter->handleRequest(NULL, Object(Config\Cache), false)
#11 C:\xampp-8\htdocs\ARU_AWS_Team5\public\index.php(67): CodeIgniter\CodeIgniter->run()
#12 {main}
CRITICAL - 2023-02-14 12:15:07 --> You have an error in your SQL syntax; check the manual that corresponds to your MariaDB server version for the right syntax to use near '}' at line 1
in SYSTEMPATH\Database\BaseConnection.php on line 645.
 1 APPPATH\Views\pages\Authenticate_view.php(4): CodeIgniter\Database\BaseConnection->query('select username from usertable where username = {$username} ')
 2 SYSTEMPATH\View\View.php(213): include('APPPATH\\Views\\pages\\Authenticate_view.php')
 3 SYSTEMPATH\View\View.php(216): CodeIgniter\View\View->CodeIgniter\View\{closure}()
 4 SYSTEMPATH\Common.php(1177): CodeIgniter\View\View->render('pages/authenticate_view', [], true)
 5 APPPATH\Controllers\Authenticate.php(9): view('pages/authenticate_view')
 6 SYSTEMPATH\CodeIgniter.php(934): App\Controllers\Authenticate->index()
 7 SYSTEMPATH\CodeIgniter.php(499): CodeIgniter\CodeIgniter->runController(Object(App\Controllers\Authenticate))
 8 SYSTEMPATH\CodeIgniter.php(368): CodeIgniter\CodeIgniter->handleRequest(null, Object(Config\Cache), false)
 9 FCPATH\index.php(67): CodeIgniter\CodeIgniter->run()
ERROR - 2023-02-14 12:15:21 --> mysqli_sql_exception: Unknown column '$username' in 'where clause' in C:\xampp-8\htdocs\ARU_AWS_Team5\system\Database\MySQLi\Connection.php:295
Stack trace:
#0 C:\xampp-8\htdocs\ARU_AWS_Team5\system\Database\MySQLi\Connection.php(295): mysqli->query('select username...', 0)
#1 C:\xampp-8\htdocs\ARU_AWS_Team5\system\Database\BaseConnection.php(691): CodeIgniter\Database\MySQLi\Connection->execute('select username...')
#2 C:\xampp-8\htdocs\ARU_AWS_Team5\system\Database\BaseConnection.php(605): CodeIgniter\Database\BaseConnection->simpleQuery('select username...')
#3 C:\xampp-8\htdocs\ARU_AWS_Team5\app\Views\pages\Authenticate_view.php(4): CodeIgniter\Database\BaseConnection->query('select username...')
#4 C:\xampp-8\htdocs\ARU_AWS_Team5\system\View\View.php(213): include('C:\\xampp-8\\htdo...')
#5 C:\xampp-8\htdocs\ARU_AWS_Team5\system\View\View.php(216): CodeIgniter\View\View->CodeIgniter\View\{closure}()
#6 C:\xampp-8\htdocs\ARU_AWS_Team5\system\Common.php(1177): CodeIgniter\View\View->render('pages/authentic...', Array, true)
#7 C:\xampp-8\htdocs\ARU_AWS_Team5\app\Controllers\Authenticate.php(9): view('pages/authentic...')
#8 C:\xampp-8\htdocs\ARU_AWS_Team5\system\CodeIgniter.php(934): App\Controllers\Authenticate->index()
#9 C:\xampp-8\htdocs\ARU_AWS_Team5\system\CodeIgniter.php(499): CodeIgniter\CodeIgniter->runController(Object(App\Controllers\Authenticate))
#10 C:\xampp-8\htdocs\ARU_AWS_Team5\system\CodeIgniter.php(368): CodeIgniter\CodeIgniter->handleRequest(NULL, Object(Config\Cache), false)
#11 C:\xampp-8\htdocs\ARU_AWS_Team5\public\index.php(67): CodeIgniter\CodeIgniter->run()
#12 {main}
CRITICAL - 2023-02-14 12:15:21 --> Unknown column '$username' in 'where clause'
in SYSTEMPATH\Database\BaseConnection.php on line 645.
 1 APPPATH\Views\pages\Authenticate_view.php(4): CodeIgniter\Database\BaseConnection->query('select username from usertable where username = $username ')
 2 SYSTEMPATH\View\View.php(213): include('APPPATH\\Views\\pages\\Authenticate_view.php')
 3 SYSTEMPATH\View\View.php(216): CodeIgniter\View\View->CodeIgniter\View\{closure}()
 4 SYSTEMPATH\Common.php(1177): CodeIgniter\View\View->render('pages/authenticate_view', [], true)
 5 APPPATH\Controllers\Authenticate.php(9): view('pages/authenticate_view')
 6 SYSTEMPATH\CodeIgniter.php(934): App\Controllers\Authenticate->index()
 7 SYSTEMPATH\CodeIgniter.php(499): CodeIgniter\CodeIgniter->runController(Object(App\Controllers\Authenticate))
 8 SYSTEMPATH\CodeIgniter.php(368): CodeIgniter\CodeIgniter->handleRequest(null, Object(Config\Cache), false)
 9 FCPATH\index.php(67): CodeIgniter\CodeIgniter->run()
ERROR - 2023-02-14 12:22:04 --> mysqli_sql_exception: Unknown column 'awsuser12' in 'where clause' in C:\xampp-8\htdocs\ARU_AWS_Team5\system\Database\MySQLi\Connection.php:295
Stack trace:
#0 C:\xampp-8\htdocs\ARU_AWS_Team5\system\Database\MySQLi\Connection.php(295): mysqli->query('select username...', 0)
#1 C:\xampp-8\htdocs\ARU_AWS_Team5\system\Database\BaseConnection.php(691): CodeIgniter\Database\MySQLi\Connection->execute('select username...')
#2 C:\xampp-8\htdocs\ARU_AWS_Team5\system\Database\BaseConnection.php(605): CodeIgniter\Database\BaseConnection->simpleQuery('select username...')
#3 C:\xampp-8\htdocs\ARU_AWS_Team5\app\Views\pages\Authenticate_view.php(7): CodeIgniter\Database\BaseConnection->query('select username...')
#4 C:\xampp-8\htdocs\ARU_AWS_Team5\system\View\View.php(213): include('C:\\xampp-8\\htdo...')
#5 C:\xampp-8\htdocs\ARU_AWS_Team5\system\View\View.php(216): CodeIgniter\View\View->CodeIgniter\View\{closure}()
#6 C:\xampp-8\htdocs\ARU_AWS_Team5\system\Common.php(1177): CodeIgniter\View\View->render('pages/authentic...', Array, true)
#7 C:\xampp-8\htdocs\ARU_AWS_Team5\app\Controllers\Authenticate.php(9): view('pages/authentic...')
#8 C:\xampp-8\htdocs\ARU_AWS_Team5\system\CodeIgniter.php(934): App\Controllers\Authenticate->index()
#9 C:\xampp-8\htdocs\ARU_AWS_Team5\system\CodeIgniter.php(499): CodeIgniter\CodeIgniter->runController(Object(App\Controllers\Authenticate))
#10 C:\xampp-8\htdocs\ARU_AWS_Team5\system\CodeIgniter.php(368): CodeIgniter\CodeIgniter->handleRequest(NULL, Object(Config\Cache), false)
#11 C:\xampp-8\htdocs\ARU_AWS_Team5\public\index.php(67): CodeIgniter\CodeIgniter->run()
#12 {main}
CRITICAL - 2023-02-14 12:22:04 --> Unknown column 'awsuser12' in 'where clause'
in SYSTEMPATH\Database\BaseConnection.php on line 645.
 1 APPPATH\Views\pages\Authenticate_view.php(7): CodeIgniter\Database\BaseConnection->query('select username from usertable where username = awsuser12 ')
 2 SYSTEMPATH\View\View.php(213): include('APPPATH\\Views\\pages\\Authenticate_view.php')
 3 SYSTEMPATH\View\View.php(216): CodeIgniter\View\View->CodeIgniter\View\{closure}()
 4 SYSTEMPATH\Common.php(1177): CodeIgniter\View\View->render('pages/authenticate_view', [], true)
 5 APPPATH\Controllers\Authenticate.php(9): view('pages/authenticate_view')
 6 SYSTEMPATH\CodeIgniter.php(934): App\Controllers\Authenticate->index()
 7 SYSTEMPATH\CodeIgniter.php(499): CodeIgniter\CodeIgniter->runController(Object(App\Controllers\Authenticate))
 8 SYSTEMPATH\CodeIgniter.php(368): CodeIgniter\CodeIgniter->handleRequest(null, Object(Config\Cache), false)
 9 FCPATH\index.php(67): CodeIgniter\CodeIgniter->run()
ERROR - 2023-02-14 12:22:51 --> mysqli_sql_exception: Unknown column 'awsuser12' in 'where clause' in C:\xampp-8\htdocs\ARU_AWS_Team5\system\Database\MySQLi\Connection.php:295
Stack trace:
#0 C:\xampp-8\htdocs\ARU_AWS_Team5\system\Database\MySQLi\Connection.php(295): mysqli->query('select username...', 0)
#1 C:\xampp-8\htdocs\ARU_AWS_Team5\system\Database\BaseConnection.php(691): CodeIgniter\Database\MySQLi\Connection->execute('select username...')
#2 C:\xampp-8\htdocs\ARU_AWS_Team5\system\Database\BaseConnection.php(605): CodeIgniter\Database\BaseConnection->simpleQuery('select username...')
#3 C:\xampp-8\htdocs\ARU_AWS_Team5\app\Views\pages\Authenticate_view.php(7): CodeIgniter\Database\BaseConnection->query('select username...')
#4 C:\xampp-8\htdocs\ARU_AWS_Team5\system\View\View.php(213): include('C:\\xampp-8\\htdo...')
#5 C:\xampp-8\htdocs\ARU_AWS_Team5\system\View\View.php(216): CodeIgniter\View\View->CodeIgniter\View\{closure}()
#6 C:\xampp-8\htdocs\ARU_AWS_Team5\system\Common.php(1177): CodeIgniter\View\View->render('pages/authentic...', Array, true)
#7 C:\xampp-8\htdocs\ARU_AWS_Team5\app\Controllers\Authenticate.php(9): view('pages/authentic...')
#8 C:\xampp-8\htdocs\ARU_AWS_Team5\system\CodeIgniter.php(934): App\Controllers\Authenticate->index()
#9 C:\xampp-8\htdocs\ARU_AWS_Team5\system\CodeIgniter.php(499): CodeIgniter\CodeIgniter->runController(Object(App\Controllers\Authenticate))
#10 C:\xampp-8\htdocs\ARU_AWS_Team5\system\CodeIgniter.php(368): CodeIgniter\CodeIgniter->handleRequest(NULL, Object(Config\Cache), false)
#11 C:\xampp-8\htdocs\ARU_AWS_Team5\public\index.php(67): CodeIgniter\CodeIgniter->run()
#12 {main}
CRITICAL - 2023-02-14 12:22:51 --> Unknown column 'awsuser12' in 'where clause'
in SYSTEMPATH\Database\BaseConnection.php on line 645.
 1 APPPATH\Views\pages\Authenticate_view.php(7): CodeIgniter\Database\BaseConnection->query('select username from usertable where username = awsuser12 ')
 2 SYSTEMPATH\View\View.php(213): include('APPPATH\\Views\\pages\\Authenticate_view.php')
 3 SYSTEMPATH\View\View.php(216): CodeIgniter\View\View->CodeIgniter\View\{closure}()
 4 SYSTEMPATH\Common.php(1177): CodeIgniter\View\View->render('pages/authenticate_view', [], true)
 5 APPPATH\Controllers\Authenticate.php(9): view('pages/authenticate_view')
 6 SYSTEMPATH\CodeIgniter.php(934): App\Controllers\Authenticate->index()
 7 SYSTEMPATH\CodeIgniter.php(499): CodeIgniter\CodeIgniter->runController(Object(App\Controllers\Authenticate))
 8 SYSTEMPATH\CodeIgniter.php(368): CodeIgniter\CodeIgniter->handleRequest(null, Object(Config\Cache), false)
 9 FCPATH\index.php(67): CodeIgniter\CodeIgniter->run()
CRITICAL - 2023-02-14 12:25:01 --> Undefined property: stdClass::$Username
in APPPATH\Views\pages\Authenticate_view.php on line 10.
 1 APPPATH\Views\pages\Authenticate_view.php(10): CodeIgniter\Debug\Exceptions->errorHandler(2, 'Undefined property: stdClass::$Username', 'APPPATH\\Views\\pages\\Authenticate_view.php', 10)
 2 SYSTEMPATH\View\View.php(213): include('APPPATH\\Views\\pages\\Authenticate_view.php')
 3 SYSTEMPATH\View\View.php(216): CodeIgniter\View\View->CodeIgniter\View\{closure}()
 4 SYSTEMPATH\Common.php(1177): CodeIgniter\View\View->render('pages/authenticate_view', [], true)
 5 APPPATH\Controllers\Authenticate.php(9): view('pages/authenticate_view')
 6 SYSTEMPATH\CodeIgniter.php(934): App\Controllers\Authenticate->index()
 7 SYSTEMPATH\CodeIgniter.php(499): CodeIgniter\CodeIgniter->runController(Object(App\Controllers\Authenticate))
 8 SYSTEMPATH\CodeIgniter.php(368): CodeIgniter\CodeIgniter->handleRequest(null, Object(Config\Cache), false)
 9 FCPATH\index.php(67): CodeIgniter\CodeIgniter->run()
CRITICAL - 2023-02-14 12:52:29 --> Undefined property: stdClass::$Password
in APPPATH\Views\pages\Authenticate_view.php on line 19.
 1 APPPATH\Views\pages\Authenticate_view.php(19): CodeIgniter\Debug\Exceptions->errorHandler(2, 'Undefined property: stdClass::$Password', 'APPPATH\\Views\\pages\\Authenticate_view.php', 19)
 2 SYSTEMPATH\View\View.php(213): include('APPPATH\\Views\\pages\\Authenticate_view.php')
 3 SYSTEMPATH\View\View.php(216): CodeIgniter\View\View->CodeIgniter\View\{closure}()
 4 SYSTEMPATH\Common.php(1177): CodeIgniter\View\View->render('pages/authenticate_view', [], true)
 5 APPPATH\Controllers\Authenticate.php(9): view('pages/authenticate_view')
 6 SYSTEMPATH\CodeIgniter.php(934): App\Controllers\Authenticate->index()
 7 SYSTEMPATH\CodeIgniter.php(499): CodeIgniter\CodeIgniter->runController(Object(App\Controllers\Authenticate))
 8 SYSTEMPATH\CodeIgniter.php(368): CodeIgniter\CodeIgniter->handleRequest(null, Object(Config\Cache), false)
 9 FCPATH\index.php(67): CodeIgniter\CodeIgniter->run()
